        -:    0:Source:/home/dstrunetss/Desktop/PPOIS/sem_1/lab_2/cmake-build-debug/Administrator.cpp
        -:    0:Graph:/home/dstrunetss/Desktop/PPOIS/sem_1/lab_2/cmake-build-debug-coverage/CMakeFiles/lab_2.dir/cmake-build-debug/Administrator.cpp.gcno
        -:    0:Data:/home/dstrunetss/Desktop/PPOIS/sem_1/lab_2/cmake-build-debug-coverage/CMakeFiles/lab_2.dir/cmake-build-debug/Administrator.cpp.gcda
        -:    0:Runs:1
        -:    1:#include "includes.h"
        -:    2:
        -:    3:
function _ZNK13Administrator4workEv called 1 returned 100% blocks executed 100%
        1:    4:void Administrator::work() const {
        2:    5:    cout << "Administrator " << name << " arrived in " << arriveTime
        1:    6:              << " and work." << endl;
        1:    6-block  0
call    0 returned 1
call    1 returned 1
call    2 returned 1
call    3 returned 1
call    4 returned 1
call    5 returned 1
        1:    7:}
