        -:    0:Source:/home/dstrunetss/Desktop/PPOIS/sem_1/lab_2/Testing/AdministratorTest.cpp
        -:    0:Graph:/home/dstrunetss/Desktop/PPOIS/sem_1/lab_2/cmake-build-debug-coverage/CMakeFiles/lab_2.dir/Testing/AdministratorTest.cpp.gcno
        -:    0:Data:/home/dstrunetss/Desktop/PPOIS/sem_1/lab_2/cmake-build-debug-coverage/CMakeFiles/lab_2.dir/Testing/AdministratorTest.cpp.gcda
        -:    0:Runs:1
        -:    1:#include "../cmake-build-debug/Administrator.h"
        -:    2:#include "gtest/gtest.h"
        -:    3:
        -:    4:
        -:    5:
        -:    6:class AdministratorTest : public ::testing::Test {
        -:    7:protected:
        -:    8:    Administrator* admin = new Administrator("Kirill", "10:00");
        -:    9:};
        4:   10:TEST_F(AdministratorTest, WorkMethodOutputsCorrectMessage) {
        1:   11:    testing::internal::CaptureStdout();
        1:   12:    admin->work();
        1:   13:    string output = testing::internal::GetCapturedStdout();
        1:   14:    string expected = "Administrator Kirill arrived in 10:00 and work.\n";
       1*:   15:    EXPECT_EQ(output, expected);
        1:   16:}
------------------
_ZN54AdministratorTest_WorkMethodOutputsCorrectMessage_TestC2Ev:
function _ZN54AdministratorTest_WorkMethodOutputsCorrectMessage_TestC2Ev called 1 returned 100% blocks executed 100%
        1:   10:TEST_F(AdministratorTest, WorkMethodOutputsCorrectMessage) {
        1:   10-block  0
call    0 returned 1
------------------
_ZN54AdministratorTest_WorkMethodOutputsCorrectMessage_TestD0Ev:
function _ZN54AdministratorTest_WorkMethodOutputsCorrectMessage_TestD0Ev called 1 returned 100% blocks executed 100%
        1:   10:TEST_F(AdministratorTest, WorkMethodOutputsCorrectMessage) {
        1:   10-block  0
call    0 returned 1
call    1 returned 1
------------------
_ZN54AdministratorTest_WorkMethodOutputsCorrectMessage_TestD2Ev:
function _ZN54AdministratorTest_WorkMethodOutputsCorrectMessage_TestD2Ev called 1 returned 100% blocks executed 100%
        1:   10:TEST_F(AdministratorTest, WorkMethodOutputsCorrectMessage) {
        1:   10-block  0
call    0 returned 1
------------------
_ZN54AdministratorTest_WorkMethodOutputsCorrectMessage_Test8TestBodyEv:
function _ZN54AdministratorTest_WorkMethodOutputsCorrectMessage_Test8TestBodyEv called 1 returned 100% blocks executed 39%
        1:   10:TEST_F(AdministratorTest, WorkMethodOutputsCorrectMessage) {
        1:   11:    testing::internal::CaptureStdout();
        1:   11-block  0
call    0 returned 1
branch  1 taken 1 (fallthrough)
branch  2 taken 0 (throw)
        1:   12:    admin->work();
        1:   12-block  0
call    0 returned 1
branch  1 taken 1 (fallthrough)
branch  2 taken 0 (throw)
        1:   13:    string output = testing::internal::GetCapturedStdout();
        1:   13-block  0
call    0 returned 1
branch  1 taken 1 (fallthrough)
branch  2 taken 0 (throw)
        1:   14:    string expected = "Administrator Kirill arrived in 10:00 and work.\n";
        1:   14-block  0
call    0 returned 1
branch  1 taken 1 (fallthrough)
branch  2 taken 0 (throw)
    $$$$$:   14-block  1
       1*:   15:    EXPECT_EQ(output, expected);
        1:   15-block  0
call    0 returned 1
branch  1 taken 1 (fallthrough)
branch  2 taken 0 (throw)
        1:   15-block  1
call    3 returned 1
branch  4 taken 0 (fallthrough)
branch  5 taken 1
    %%%%%:   15-block  2
call    6 never executed
branch  7 never executed (fallthrough)
branch  8 never executed (throw)
    %%%%%:   15-block  3
call    9 never executed
call   10 never executed
branch 11 never executed (fallthrough)
branch 12 never executed (throw)
    %%%%%:   15-block  4
call   13 never executed
branch 14 never executed (fallthrough)
branch 15 never executed (throw)
    %%%%%:   15-block  5
call   16 never executed
call   17 never executed
        1:   15-block  6
call   18 returned 1
    $$$$$:   15-block  7
call   19 never executed
    $$$$$:   15-block  8
    $$$$$:   15-block  9
call   20 never executed
    $$$$$:   15-block 10
    $$$$$:   15-block 11
call   21 never executed
        1:   16:}
call    0 returned 1
call    1 returned 1
    $$$$$:   16-block  0
call    2 never executed
    $$$$$:   16-block  1
call    3 never executed
------------------
