        -:    0:Source:/home/dstrunetss/Desktop/PPOIS/sem_1/lab_2/cmake-build-debug/ApplicationManager.cpp
        -:    0:Graph:/home/dstrunetss/Desktop/PPOIS/sem_1/lab_2/cmake-build-debug-coverage/CMakeFiles/lab_2.dir/cmake-build-debug/ApplicationManager.cpp.gcno
        -:    0:Data:/home/dstrunetss/Desktop/PPOIS/sem_1/lab_2/cmake-build-debug-coverage/CMakeFiles/lab_2.dir/cmake-build-debug/ApplicationManager.cpp.gcda
        -:    0:Runs:1
        -:    1:#include "ApplicationManager.h"
        -:    2:
function _ZNK18ApplicationManager8showInfoEv called 1 returned 100% blocks executed 100%
        1:    3:void ApplicationManager::showInfo()const{
        1:    4:      addWorkersToGallery();
        1:    4-block  0
call    0 returned 1
        1:    5:      addArtistsToGallery();
call    0 returned 1
        1:    6:      addReviewsToGallery();
call    0 returned 1
        1:    7:      addPaintingsToGallery();
call    0 returned 1
        1:    8:      addClientsToGallery();
call    0 returned 1
        1:    9:      addEventToGallery();
call    0 returned 1
        1:   10:      addTransaction();
call    0 returned 1
        1:   11:      gallery_->showWorkers(workers_);
call    0 returned 1
        1:   12:      gallery_->showInfo();
call    0 returned 1
        1:   13: }
function _ZNK18ApplicationManager3runEv called 1 returned 100% blocks executed 100%
        1:   14: void ApplicationManager::run() const {
        1:   15:      showInfo();
        1:   15-block  0
call    0 returned 1
        1:   16:}
function _ZNK18ApplicationManager14addTransactionEv called 1 returned 100% blocks executed 100%
        1:   17:void ApplicationManager::addTransaction() const {
        1:   18:    bank_->processTransaction(transaction_);
        1:   18-block  0
call    0 returned 1
        1:   19:    bank_->showTransactions();
call    0 returned 1
        1:   20:    cout<<"totalRevenue: "<<"\n";
call    0 returned 1
call    1 returned 1
        1:   21:    cout<<bank_->getTotalRevenue()<<"\n";
call    0 returned 1
call    1 returned 1
call    2 returned 1
        1:   22:}
function _ZNK18ApplicationManager17addEventToGalleryEv called 1 returned 100% blocks executed 100%
        1:   23:void ApplicationManager::addEventToGallery() const {
        1:   24:    gallery_->addEvent(event_);
        1:   24-block  0
call    0 returned 1
        1:   25:}
function _ZNK18ApplicationManager19addArtistsToGalleryEv called 1 returned 100% blocks executed 100%
        1:   26:void ApplicationManager::addArtistsToGallery() const  {
        1:   27:    gallery_->addArtist(artist_);
        1:   27-block  0
call    0 returned 1
        1:   28:}
function _ZNK18ApplicationManager21addPaintingsToGalleryEv called 1 returned 100% blocks executed 100%
        1:   29:void ApplicationManager::addPaintingsToGallery() const {
        1:   30:    gallery_->addPainting(painting_);
        1:   30-block  0
call    0 returned 1
        1:   31:}
function _ZNK18ApplicationManager19addClientsToGalleryEv called 1 returned 100% blocks executed 100%
        1:   32:void ApplicationManager::addClientsToGallery() const {
        1:   33:    gallery_->addClient(client_);
        1:   33-block  0
call    0 returned 1
        1:   34:}
function _ZNK18ApplicationManager19addReviewsToGalleryEv called 1 returned 100% blocks executed 100%
        1:   35:void ApplicationManager::addReviewsToGallery() const {
        1:   36:    gallery_->addReview(review_);
        1:   36-block  0
call    0 returned 1
        1:   37:}
        -:   38:
function _ZNK18ApplicationManager19addWorkersToGalleryEv called 1 returned 100% blocks executed 100%
        1:   39:void ApplicationManager::addWorkersToGallery() const {
        1:   40:      workers_->addAdministrator(administrator_);
        1:   40-block  0
call    0 returned 1
        1:   41:      workers_->addCurator(curator_);
call    0 returned 1
        1:   42:      workers_->addSecurity(security_);
call    0 returned 1
        1:   43:}
