        -:    0:Source:/home/dstrunetss/Desktop/PPOIS/sem_1/lab_2/Testing/ArtGalleryTest.cpp
        -:    0:Graph:/home/dstrunetss/Desktop/PPOIS/sem_1/lab_2/cmake-build-debug-coverage/CMakeFiles/lab_2.dir/Testing/ArtGalleryTest.cpp.gcno
        -:    0:Data:/home/dstrunetss/Desktop/PPOIS/sem_1/lab_2/cmake-build-debug-coverage/CMakeFiles/lab_2.dir/Testing/ArtGalleryTest.cpp.gcda
        -:    0:Runs:1
        -:    1:#include <gtest/gtest.h>
        -:    2:#include "../cmake-build-debug/ArtGallery.h"
        -:    3:#include "../cmake-build-debug/Artist.h"
        -:    4:#include "../cmake-build-debug/Painting.h"
        -:    5:#include "../cmake-build-debug/Client.h"
        -:    6:#include "../cmake-build-debug/Review.h"
        -:    7:#include "../cmake-build-debug/Event.h"
        -:    8:
        -:    9:
        -:   10:class ArtGalleryTest : public ::testing::Test {
        -:   11:protected:
        -:   12:    ArtGallery gallery{"My Gallery"};
        -:   13:    Artist* artist = new Artist("Vincent van Gogh", "loves art");
        -:   14:    Category* category =  new Category("post-impressionism");
        -:   15:    Painting* painting = new Painting("Starry Night", artist, "post-impressionism", 10000, category);
        -:   16:    Client* client = new Client("Maksim", "@example.com", "1111");
        -:   17:    Review* review = new Review(client, "I love art", 5);
        -:   18:    Event* event = new Event("event", "12.10.2025");
        -:   19:
        -:   20:};
        -:   21:
        4:   22:TEST_F(ArtGalleryTest, AddArtist) {
        1:   23:    gallery.addArtist(artist);
        1:   24:    testing::internal::CaptureStdout();
        1:   25:    gallery.showInfo();
        1:   26:    std::string output = testing::internal::GetCapturedStdout();
       1*:   27:    EXPECT_TRUE(output.find("Artists:") != std::string::npos);
       1*:   28:    EXPECT_TRUE(output.find(artist->getName()) != std::string::npos);
        1:   29:}
------------------
_ZN29ArtGalleryTest_AddArtist_TestC2Ev:
function _ZN29ArtGalleryTest_AddArtist_TestC2Ev called 1 returned 100% blocks executed 100%
        1:   22:TEST_F(ArtGalleryTest, AddArtist) {
        1:   22-block  0
call    0 returned 1
------------------
_ZN29ArtGalleryTest_AddArtist_TestD0Ev:
function _ZN29ArtGalleryTest_AddArtist_TestD0Ev called 1 returned 100% blocks executed 100%
        1:   22:TEST_F(ArtGalleryTest, AddArtist) {
        1:   22-block  0
call    0 returned 1
call    1 returned 1
------------------
_ZN29ArtGalleryTest_AddArtist_TestD2Ev:
function _ZN29ArtGalleryTest_AddArtist_TestD2Ev called 1 returned 100% blocks executed 100%
        1:   22:TEST_F(ArtGalleryTest, AddArtist) {
        1:   22-block  0
call    0 returned 1
------------------
_ZN29ArtGalleryTest_AddArtist_Test8TestBodyEv:
function _ZN29ArtGalleryTest_AddArtist_Test8TestBodyEv called 1 returned 100% blocks executed 29%
        1:   22:TEST_F(ArtGalleryTest, AddArtist) {
        1:   23:    gallery.addArtist(artist);
        1:   23-block  0
call    0 returned 1
branch  1 taken 1 (fallthrough)
branch  2 taken 0 (throw)
        1:   24:    testing::internal::CaptureStdout();
        1:   24-block  0
call    0 returned 1
branch  1 taken 1 (fallthrough)
branch  2 taken 0 (throw)
        1:   25:    gallery.showInfo();
        1:   25-block  0
call    0 returned 1
branch  1 taken 1 (fallthrough)
branch  2 taken 0 (throw)
        1:   26:    std::string output = testing::internal::GetCapturedStdout();
        1:   26-block  0
call    0 returned 1
branch  1 taken 1 (fallthrough)
branch  2 taken 0 (throw)
       1*:   27:    EXPECT_TRUE(output.find("Artists:") != std::string::npos);
        1:   27-block  0
call    0 returned 1
call    1 returned 1
call    2 returned 1
branch  3 taken 0 (fallthrough)
branch  4 taken 1
    %%%%%:   27-block  1
call    5 never executed
branch  6 never executed (fallthrough)
branch  7 never executed (throw)
    %%%%%:   27-block  2
call    8 never executed
branch  9 never executed (fallthrough)
branch 10 never executed (throw)
    %%%%%:   27-block  3
call   11 never executed
call   12 never executed
branch 13 never executed (fallthrough)
branch 14 never executed (throw)
    %%%%%:   27-block  4
call   15 never executed
branch 16 never executed (fallthrough)
branch 17 never executed (throw)
    %%%%%:   27-block  5
call   18 never executed
call   19 never executed
call   20 never executed
        1:   27-block  6
call   21 returned 1
    $$$$$:   27-block  7
call   22 never executed
    $$$$$:   27-block  8
call   23 never executed
    $$$$$:   27-block  9
    $$$$$:   27-block 10
    $$$$$:   27-block 11
call   24 never executed
    $$$$$:   27-block 12
    $$$$$:   27-block 13
call   25 never executed
       1*:   28:    EXPECT_TRUE(output.find(artist->getName()) != std::string::npos);
call    0 returned 1
branch  1 taken 1 (fallthrough)
branch  2 taken 0 (throw)
        1:   28-block  0
call    3 returned 1
call    4 returned 1
call    5 returned 1
call    6 returned 1
branch  7 taken 0 (fallthrough)
branch  8 taken 1
    %%%%%:   28-block  1
call    9 never executed
branch 10 never executed (fallthrough)
branch 11 never executed (throw)
    %%%%%:   28-block  2
call   12 never executed
branch 13 never executed (fallthrough)
branch 14 never executed (throw)
    %%%%%:   28-block  3
call   15 never executed
call   16 never executed
branch 17 never executed (fallthrough)
branch 18 never executed (throw)
    %%%%%:   28-block  4
call   19 never executed
branch 20 never executed (fallthrough)
branch 21 never executed (throw)
    %%%%%:   28-block  5
call   22 never executed
call   23 never executed
call   24 never executed
        1:   28-block  6
call   25 returned 1
    $$$$$:   28-block  7
    $$$$$:   28-block  8
    $$$$$:   28-block  9
call   26 never executed
    $$$$$:   28-block 10
call   27 never executed
    $$$$$:   28-block 11
    $$$$$:   28-block 12
    $$$$$:   28-block 13
call   28 never executed
    $$$$$:   28-block 14
    $$$$$:   28-block 15
call   29 never executed
        1:   29:}
call    0 returned 1
    $$$$$:   29-block  0
call    1 never executed
------------------
        -:   30:
        -:   31:
        4:   32:TEST_F(ArtGalleryTest, AddPainting) {
        1:   33:    gallery.addPainting(painting);
        1:   34:    testing::internal::CaptureStdout();
        1:   35:    gallery.showInfo();
        1:   36:    std::string output = testing::internal::GetCapturedStdout();
       1*:   37:    EXPECT_TRUE(output.find("Paintings:") != std::string::npos);
       1*:   38:    EXPECT_TRUE(output.find(painting->getTitle()) != std::string::npos);
        1:   39:}
------------------
_ZN31ArtGalleryTest_AddPainting_TestC2Ev:
function _ZN31ArtGalleryTest_AddPainting_TestC2Ev called 1 returned 100% blocks executed 100%
        1:   32:TEST_F(ArtGalleryTest, AddPainting) {
        1:   32-block  0
call    0 returned 1
------------------
_ZN31ArtGalleryTest_AddPainting_TestD0Ev:
function _ZN31ArtGalleryTest_AddPainting_TestD0Ev called 1 returned 100% blocks executed 100%
        1:   32:TEST_F(ArtGalleryTest, AddPainting) {
        1:   32-block  0
call    0 returned 1
call    1 returned 1
------------------
_ZN31ArtGalleryTest_AddPainting_TestD2Ev:
function _ZN31ArtGalleryTest_AddPainting_TestD2Ev called 1 returned 100% blocks executed 100%
        1:   32:TEST_F(ArtGalleryTest, AddPainting) {
        1:   32-block  0
call    0 returned 1
------------------
_ZN31ArtGalleryTest_AddPainting_Test8TestBodyEv:
function _ZN31ArtGalleryTest_AddPainting_Test8TestBodyEv called 1 returned 100% blocks executed 29%
        1:   32:TEST_F(ArtGalleryTest, AddPainting) {
        1:   33:    gallery.addPainting(painting);
        1:   33-block  0
call    0 returned 1
branch  1 taken 1 (fallthrough)
branch  2 taken 0 (throw)
        1:   34:    testing::internal::CaptureStdout();
        1:   34-block  0
call    0 returned 1
branch  1 taken 1 (fallthrough)
branch  2 taken 0 (throw)
        1:   35:    gallery.showInfo();
        1:   35-block  0
call    0 returned 1
branch  1 taken 1 (fallthrough)
branch  2 taken 0 (throw)
        1:   36:    std::string output = testing::internal::GetCapturedStdout();
        1:   36-block  0
call    0 returned 1
branch  1 taken 1 (fallthrough)
branch  2 taken 0 (throw)
       1*:   37:    EXPECT_TRUE(output.find("Paintings:") != std::string::npos);
        1:   37-block  0
call    0 returned 1
call    1 returned 1
call    2 returned 1
branch  3 taken 0 (fallthrough)
branch  4 taken 1
    %%%%%:   37-block  1
call    5 never executed
branch  6 never executed (fallthrough)
branch  7 never executed (throw)
    %%%%%:   37-block  2
call    8 never executed
branch  9 never executed (fallthrough)
branch 10 never executed (throw)
    %%%%%:   37-block  3
call   11 never executed
call   12 never executed
branch 13 never executed (fallthrough)
branch 14 never executed (throw)
    %%%%%:   37-block  4
call   15 never executed
branch 16 never executed (fallthrough)
branch 17 never executed (throw)
    %%%%%:   37-block  5
call   18 never executed
call   19 never executed
call   20 never executed
        1:   37-block  6
call   21 returned 1
    $$$$$:   37-block  7
call   22 never executed
    $$$$$:   37-block  8
call   23 never executed
    $$$$$:   37-block  9
    $$$$$:   37-block 10
    $$$$$:   37-block 11
call   24 never executed
    $$$$$:   37-block 12
    $$$$$:   37-block 13
call   25 never executed
       1*:   38:    EXPECT_TRUE(output.find(painting->getTitle()) != std::string::npos);
call    0 returned 1
branch  1 taken 1 (fallthrough)
branch  2 taken 0 (throw)
        1:   38-block  0
call    3 returned 1
call    4 returned 1
call    5 returned 1
call    6 returned 1
branch  7 taken 0 (fallthrough)
branch  8 taken 1
    %%%%%:   38-block  1
call    9 never executed
branch 10 never executed (fallthrough)
branch 11 never executed (throw)
    %%%%%:   38-block  2
call   12 never executed
branch 13 never executed (fallthrough)
branch 14 never executed (throw)
    %%%%%:   38-block  3
call   15 never executed
call   16 never executed
branch 17 never executed (fallthrough)
branch 18 never executed (throw)
    %%%%%:   38-block  4
call   19 never executed
branch 20 never executed (fallthrough)
branch 21 never executed (throw)
    %%%%%:   38-block  5
call   22 never executed
call   23 never executed
call   24 never executed
        1:   38-block  6
call   25 returned 1
    $$$$$:   38-block  7
    $$$$$:   38-block  8
    $$$$$:   38-block  9
call   26 never executed
    $$$$$:   38-block 10
call   27 never executed
    $$$$$:   38-block 11
    $$$$$:   38-block 12
    $$$$$:   38-block 13
call   28 never executed
    $$$$$:   38-block 14
    $$$$$:   38-block 15
call   29 never executed
        1:   39:}
call    0 returned 1
    $$$$$:   39-block  0
call    1 never executed
------------------
        -:   40:
        -:   41:
        4:   42:TEST_F(ArtGalleryTest, AddClient) {
        1:   43:    gallery.addClient(client);
        1:   44:    testing::internal::CaptureStdout();
        1:   45:    gallery.showInfo();
        1:   46:    std::string output = testing::internal::GetCapturedStdout();
       1*:   47:    EXPECT_TRUE(output.find("Clients:") != std::string::npos);
       1*:   48:    EXPECT_TRUE(output.find(client->getName()) != std::string::npos);
        1:   49:}
------------------
_ZN29ArtGalleryTest_AddClient_TestC2Ev:
function _ZN29ArtGalleryTest_AddClient_TestC2Ev called 1 returned 100% blocks executed 100%
        1:   42:TEST_F(ArtGalleryTest, AddClient) {
        1:   42-block  0
call    0 returned 1
------------------
_ZN29ArtGalleryTest_AddClient_TestD0Ev:
function _ZN29ArtGalleryTest_AddClient_TestD0Ev called 1 returned 100% blocks executed 100%
        1:   42:TEST_F(ArtGalleryTest, AddClient) {
        1:   42-block  0
call    0 returned 1
call    1 returned 1
------------------
_ZN29ArtGalleryTest_AddClient_TestD2Ev:
function _ZN29ArtGalleryTest_AddClient_TestD2Ev called 1 returned 100% blocks executed 100%
        1:   42:TEST_F(ArtGalleryTest, AddClient) {
        1:   42-block  0
call    0 returned 1
------------------
_ZN29ArtGalleryTest_AddClient_Test8TestBodyEv:
function _ZN29ArtGalleryTest_AddClient_Test8TestBodyEv called 1 returned 100% blocks executed 29%
        1:   42:TEST_F(ArtGalleryTest, AddClient) {
        1:   43:    gallery.addClient(client);
        1:   43-block  0
call    0 returned 1
branch  1 taken 1 (fallthrough)
branch  2 taken 0 (throw)
        1:   44:    testing::internal::CaptureStdout();
        1:   44-block  0
call    0 returned 1
branch  1 taken 1 (fallthrough)
branch  2 taken 0 (throw)
        1:   45:    gallery.showInfo();
        1:   45-block  0
call    0 returned 1
branch  1 taken 1 (fallthrough)
branch  2 taken 0 (throw)
        1:   46:    std::string output = testing::internal::GetCapturedStdout();
        1:   46-block  0
call    0 returned 1
branch  1 taken 1 (fallthrough)
branch  2 taken 0 (throw)
       1*:   47:    EXPECT_TRUE(output.find("Clients:") != std::string::npos);
        1:   47-block  0
call    0 returned 1
call    1 returned 1
call    2 returned 1
branch  3 taken 0 (fallthrough)
branch  4 taken 1
    %%%%%:   47-block  1
call    5 never executed
branch  6 never executed (fallthrough)
branch  7 never executed (throw)
    %%%%%:   47-block  2
call    8 never executed
branch  9 never executed (fallthrough)
branch 10 never executed (throw)
    %%%%%:   47-block  3
call   11 never executed
call   12 never executed
branch 13 never executed (fallthrough)
branch 14 never executed (throw)
    %%%%%:   47-block  4
call   15 never executed
branch 16 never executed (fallthrough)
branch 17 never executed (throw)
    %%%%%:   47-block  5
call   18 never executed
call   19 never executed
call   20 never executed
        1:   47-block  6
call   21 returned 1
    $$$$$:   47-block  7
call   22 never executed
    $$$$$:   47-block  8
call   23 never executed
    $$$$$:   47-block  9
    $$$$$:   47-block 10
    $$$$$:   47-block 11
call   24 never executed
    $$$$$:   47-block 12
    $$$$$:   47-block 13
call   25 never executed
       1*:   48:    EXPECT_TRUE(output.find(client->getName()) != std::string::npos);
call    0 returned 1
branch  1 taken 1 (fallthrough)
branch  2 taken 0 (throw)
        1:   48-block  0
call    3 returned 1
call    4 returned 1
call    5 returned 1
call    6 returned 1
branch  7 taken 0 (fallthrough)
branch  8 taken 1
    %%%%%:   48-block  1
call    9 never executed
branch 10 never executed (fallthrough)
branch 11 never executed (throw)
    %%%%%:   48-block  2
call   12 never executed
branch 13 never executed (fallthrough)
branch 14 never executed (throw)
    %%%%%:   48-block  3
call   15 never executed
call   16 never executed
branch 17 never executed (fallthrough)
branch 18 never executed (throw)
    %%%%%:   48-block  4
call   19 never executed
branch 20 never executed (fallthrough)
branch 21 never executed (throw)
    %%%%%:   48-block  5
call   22 never executed
call   23 never executed
call   24 never executed
        1:   48-block  6
call   25 returned 1
    $$$$$:   48-block  7
    $$$$$:   48-block  8
    $$$$$:   48-block  9
call   26 never executed
    $$$$$:   48-block 10
call   27 never executed
    $$$$$:   48-block 11
    $$$$$:   48-block 12
    $$$$$:   48-block 13
call   28 never executed
    $$$$$:   48-block 14
    $$$$$:   48-block 15
call   29 never executed
        1:   49:}
call    0 returned 1
    $$$$$:   49-block  0
call    1 never executed
------------------
        -:   50:
        -:   51:
        4:   52:TEST_F(ArtGalleryTest, AddReview) {
        1:   53:    gallery.addReview(review);
        1:   54:    testing::internal::CaptureStdout();
        1:   55:    gallery.showInfo();
        1:   56:    std::string output = testing::internal::GetCapturedStdout();
       1*:   57:    EXPECT_TRUE(output.find("Reviews:") != std::string::npos);
       1*:   58:    EXPECT_TRUE(output.find(review->getContent()) != std::string::npos);
        1:   59:}
------------------
_ZN29ArtGalleryTest_AddReview_TestC2Ev:
function _ZN29ArtGalleryTest_AddReview_TestC2Ev called 1 returned 100% blocks executed 100%
        1:   52:TEST_F(ArtGalleryTest, AddReview) {
        1:   52-block  0
call    0 returned 1
------------------
_ZN29ArtGalleryTest_AddReview_TestD0Ev:
function _ZN29ArtGalleryTest_AddReview_TestD0Ev called 1 returned 100% blocks executed 100%
        1:   52:TEST_F(ArtGalleryTest, AddReview) {
        1:   52-block  0
call    0 returned 1
call    1 returned 1
------------------
_ZN29ArtGalleryTest_AddReview_TestD2Ev:
function _ZN29ArtGalleryTest_AddReview_TestD2Ev called 1 returned 100% blocks executed 100%
        1:   52:TEST_F(ArtGalleryTest, AddReview) {
        1:   52-block  0
call    0 returned 1
------------------
_ZN29ArtGalleryTest_AddReview_Test8TestBodyEv:
function _ZN29ArtGalleryTest_AddReview_Test8TestBodyEv called 1 returned 100% blocks executed 29%
        1:   52:TEST_F(ArtGalleryTest, AddReview) {
        1:   53:    gallery.addReview(review);
        1:   53-block  0
call    0 returned 1
branch  1 taken 1 (fallthrough)
branch  2 taken 0 (throw)
        1:   54:    testing::internal::CaptureStdout();
        1:   54-block  0
call    0 returned 1
branch  1 taken 1 (fallthrough)
branch  2 taken 0 (throw)
        1:   55:    gallery.showInfo();
        1:   55-block  0
call    0 returned 1
branch  1 taken 1 (fallthrough)
branch  2 taken 0 (throw)
        1:   56:    std::string output = testing::internal::GetCapturedStdout();
        1:   56-block  0
call    0 returned 1
branch  1 taken 1 (fallthrough)
branch  2 taken 0 (throw)
       1*:   57:    EXPECT_TRUE(output.find("Reviews:") != std::string::npos);
        1:   57-block  0
call    0 returned 1
call    1 returned 1
call    2 returned 1
branch  3 taken 0 (fallthrough)
branch  4 taken 1
    %%%%%:   57-block  1
call    5 never executed
branch  6 never executed (fallthrough)
branch  7 never executed (throw)
    %%%%%:   57-block  2
call    8 never executed
branch  9 never executed (fallthrough)
branch 10 never executed (throw)
    %%%%%:   57-block  3
call   11 never executed
call   12 never executed
branch 13 never executed (fallthrough)
branch 14 never executed (throw)
    %%%%%:   57-block  4
call   15 never executed
branch 16 never executed (fallthrough)
branch 17 never executed (throw)
    %%%%%:   57-block  5
call   18 never executed
call   19 never executed
call   20 never executed
        1:   57-block  6
call   21 returned 1
    $$$$$:   57-block  7
call   22 never executed
    $$$$$:   57-block  8
call   23 never executed
    $$$$$:   57-block  9
    $$$$$:   57-block 10
    $$$$$:   57-block 11
call   24 never executed
    $$$$$:   57-block 12
    $$$$$:   57-block 13
call   25 never executed
       1*:   58:    EXPECT_TRUE(output.find(review->getContent()) != std::string::npos);
call    0 returned 1
branch  1 taken 1 (fallthrough)
branch  2 taken 0 (throw)
        1:   58-block  0
call    3 returned 1
call    4 returned 1
call    5 returned 1
call    6 returned 1
branch  7 taken 0 (fallthrough)
branch  8 taken 1
    %%%%%:   58-block  1
call    9 never executed
branch 10 never executed (fallthrough)
branch 11 never executed (throw)
    %%%%%:   58-block  2
call   12 never executed
branch 13 never executed (fallthrough)
branch 14 never executed (throw)
    %%%%%:   58-block  3
call   15 never executed
call   16 never executed
branch 17 never executed (fallthrough)
branch 18 never executed (throw)
    %%%%%:   58-block  4
call   19 never executed
branch 20 never executed (fallthrough)
branch 21 never executed (throw)
    %%%%%:   58-block  5
call   22 never executed
call   23 never executed
call   24 never executed
        1:   58-block  6
call   25 returned 1
    $$$$$:   58-block  7
    $$$$$:   58-block  8
    $$$$$:   58-block  9
call   26 never executed
    $$$$$:   58-block 10
call   27 never executed
    $$$$$:   58-block 11
    $$$$$:   58-block 12
    $$$$$:   58-block 13
call   28 never executed
    $$$$$:   58-block 14
    $$$$$:   58-block 15
call   29 never executed
        1:   59:}
call    0 returned 1
    $$$$$:   59-block  0
call    1 never executed
------------------
        -:   60:
        -:   61:
        4:   62:TEST_F(ArtGalleryTest, AddEvent) {
        1:   63:    gallery.addEvent(event);
        1:   64:    testing::internal::CaptureStdout();
        1:   65:    gallery.showInfo();
        1:   66:    std::string output = testing::internal::GetCapturedStdout();
       1*:   67:    EXPECT_TRUE(output.find("Events:") != std::string::npos);
       1*:   68:    EXPECT_TRUE(output.find(event->getName()) != std::string::npos);
        1:   69:}
------------------
_ZN28ArtGalleryTest_AddEvent_TestC2Ev:
function _ZN28ArtGalleryTest_AddEvent_TestC2Ev called 1 returned 100% blocks executed 100%
        1:   62:TEST_F(ArtGalleryTest, AddEvent) {
        1:   62-block  0
call    0 returned 1
------------------
_ZN28ArtGalleryTest_AddEvent_TestD0Ev:
function _ZN28ArtGalleryTest_AddEvent_TestD0Ev called 1 returned 100% blocks executed 100%
        1:   62:TEST_F(ArtGalleryTest, AddEvent) {
        1:   62-block  0
call    0 returned 1
call    1 returned 1
------------------
_ZN28ArtGalleryTest_AddEvent_TestD2Ev:
function _ZN28ArtGalleryTest_AddEvent_TestD2Ev called 1 returned 100% blocks executed 100%
        1:   62:TEST_F(ArtGalleryTest, AddEvent) {
        1:   62-block  0
call    0 returned 1
------------------
_ZN28ArtGalleryTest_AddEvent_Test8TestBodyEv:
function _ZN28ArtGalleryTest_AddEvent_Test8TestBodyEv called 1 returned 100% blocks executed 29%
        1:   62:TEST_F(ArtGalleryTest, AddEvent) {
        1:   63:    gallery.addEvent(event);
        1:   63-block  0
call    0 returned 1
branch  1 taken 1 (fallthrough)
branch  2 taken 0 (throw)
        1:   64:    testing::internal::CaptureStdout();
        1:   64-block  0
call    0 returned 1
branch  1 taken 1 (fallthrough)
branch  2 taken 0 (throw)
        1:   65:    gallery.showInfo();
        1:   65-block  0
call    0 returned 1
branch  1 taken 1 (fallthrough)
branch  2 taken 0 (throw)
        1:   66:    std::string output = testing::internal::GetCapturedStdout();
        1:   66-block  0
call    0 returned 1
branch  1 taken 1 (fallthrough)
branch  2 taken 0 (throw)
       1*:   67:    EXPECT_TRUE(output.find("Events:") != std::string::npos);
        1:   67-block  0
call    0 returned 1
call    1 returned 1
call    2 returned 1
branch  3 taken 0 (fallthrough)
branch  4 taken 1
    %%%%%:   67-block  1
call    5 never executed
branch  6 never executed (fallthrough)
branch  7 never executed (throw)
    %%%%%:   67-block  2
call    8 never executed
branch  9 never executed (fallthrough)
branch 10 never executed (throw)
    %%%%%:   67-block  3
call   11 never executed
call   12 never executed
branch 13 never executed (fallthrough)
branch 14 never executed (throw)
    %%%%%:   67-block  4
call   15 never executed
branch 16 never executed (fallthrough)
branch 17 never executed (throw)
    %%%%%:   67-block  5
call   18 never executed
call   19 never executed
call   20 never executed
        1:   67-block  6
call   21 returned 1
    $$$$$:   67-block  7
call   22 never executed
    $$$$$:   67-block  8
call   23 never executed
    $$$$$:   67-block  9
    $$$$$:   67-block 10
    $$$$$:   67-block 11
call   24 never executed
    $$$$$:   67-block 12
    $$$$$:   67-block 13
call   25 never executed
       1*:   68:    EXPECT_TRUE(output.find(event->getName()) != std::string::npos);
call    0 returned 1
branch  1 taken 1 (fallthrough)
branch  2 taken 0 (throw)
        1:   68-block  0
call    3 returned 1
call    4 returned 1
call    5 returned 1
call    6 returned 1
branch  7 taken 0 (fallthrough)
branch  8 taken 1
    %%%%%:   68-block  1
call    9 never executed
branch 10 never executed (fallthrough)
branch 11 never executed (throw)
    %%%%%:   68-block  2
call   12 never executed
branch 13 never executed (fallthrough)
branch 14 never executed (throw)
    %%%%%:   68-block  3
call   15 never executed
call   16 never executed
branch 17 never executed (fallthrough)
branch 18 never executed (throw)
    %%%%%:   68-block  4
call   19 never executed
branch 20 never executed (fallthrough)
branch 21 never executed (throw)
    %%%%%:   68-block  5
call   22 never executed
call   23 never executed
call   24 never executed
        1:   68-block  6
call   25 returned 1
    $$$$$:   68-block  7
    $$$$$:   68-block  8
    $$$$$:   68-block  9
call   26 never executed
    $$$$$:   68-block 10
call   27 never executed
    $$$$$:   68-block 11
    $$$$$:   68-block 12
    $$$$$:   68-block 13
call   28 never executed
    $$$$$:   68-block 14
    $$$$$:   68-block 15
call   29 never executed
        1:   69:}
call    0 returned 1
    $$$$$:   69-block  0
call    1 never executed
------------------
        -:   70:
        -:   71:
        4:   72:TEST_F(ArtGalleryTest, AddDuplicateArtist) {
        1:   73:    gallery.addArtist(artist);
        1:   74:    gallery.addArtist(artist);
        1:   75:    testing::internal::CaptureStdout();
        1:   76:    gallery.showInfo();
        1:   77:    std::string output = testing::internal::GetCapturedStdout();
       1*:   78:    EXPECT_EQ(output.find("Artists:") != std::string::npos, true);
       1*:   79:    EXPECT_EQ(output.find("Vincent van Gogh") != std::string::npos, true);
        1:   80:}
------------------
_ZN38ArtGalleryTest_AddDuplicateArtist_TestC2Ev:
function _ZN38ArtGalleryTest_AddDuplicateArtist_TestC2Ev called 1 returned 100% blocks executed 100%
        1:   72:TEST_F(ArtGalleryTest, AddDuplicateArtist) {
        1:   72-block  0
call    0 returned 1
------------------
_ZN38ArtGalleryTest_AddDuplicateArtist_TestD0Ev:
function _ZN38ArtGalleryTest_AddDuplicateArtist_TestD0Ev called 1 returned 100% blocks executed 100%
        1:   72:TEST_F(ArtGalleryTest, AddDuplicateArtist) {
        1:   72-block  0
call    0 returned 1
call    1 returned 1
------------------
_ZN38ArtGalleryTest_AddDuplicateArtist_TestD2Ev:
function _ZN38ArtGalleryTest_AddDuplicateArtist_TestD2Ev called 1 returned 100% blocks executed 100%
        1:   72:TEST_F(ArtGalleryTest, AddDuplicateArtist) {
        1:   72-block  0
call    0 returned 1
------------------
_ZN38ArtGalleryTest_AddDuplicateArtist_Test8TestBodyEv:
function _ZN38ArtGalleryTest_AddDuplicateArtist_Test8TestBodyEv called 1 returned 100% blocks executed 32%
        1:   72:TEST_F(ArtGalleryTest, AddDuplicateArtist) {
        1:   73:    gallery.addArtist(artist);
        1:   73-block  0
call    0 returned 1
branch  1 taken 1 (fallthrough)
branch  2 taken 0 (throw)
        1:   74:    gallery.addArtist(artist);
        1:   74-block  0
call    0 returned 1
branch  1 taken 1 (fallthrough)
branch  2 taken 0 (throw)
        1:   75:    testing::internal::CaptureStdout();
        1:   75-block  0
call    0 returned 1
branch  1 taken 1 (fallthrough)
branch  2 taken 0 (throw)
        1:   76:    gallery.showInfo();
        1:   76-block  0
call    0 returned 1
branch  1 taken 1 (fallthrough)
branch  2 taken 0 (throw)
        1:   77:    std::string output = testing::internal::GetCapturedStdout();
        1:   77-block  0
call    0 returned 1
branch  1 taken 1 (fallthrough)
branch  2 taken 0 (throw)
       1*:   78:    EXPECT_EQ(output.find("Artists:") != std::string::npos, true);
        1:   78-block  0
call    0 returned 1
call    1 returned 1
branch  2 taken 1 (fallthrough)
branch  3 taken 0 (throw)
        1:   78-block  1
call    4 returned 1
branch  5 taken 0 (fallthrough)
branch  6 taken 1
    %%%%%:   78-block  2
call    7 never executed
branch  8 never executed (fallthrough)
branch  9 never executed (throw)
    %%%%%:   78-block  3
call   10 never executed
call   11 never executed
branch 12 never executed (fallthrough)
branch 13 never executed (throw)
    %%%%%:   78-block  4
call   14 never executed
branch 15 never executed (fallthrough)
branch 16 never executed (throw)
    %%%%%:   78-block  5
call   17 never executed
call   18 never executed
        1:   78-block  6
call   19 returned 1
    $$$$$:   78-block  7
    $$$$$:   78-block  8
    $$$$$:   78-block  9
call   20 never executed
    $$$$$:   78-block 10
    $$$$$:   78-block 11
call   21 never executed
    $$$$$:   78-block 12
    $$$$$:   78-block 13
call   22 never executed
       1*:   79:    EXPECT_EQ(output.find("Vincent van Gogh") != std::string::npos, true);
call    0 returned 1
call    1 returned 1
branch  2 taken 1 (fallthrough)
branch  3 taken 0 (throw)
        1:   79-block  0
call    4 returned 1
branch  5 taken 0 (fallthrough)
branch  6 taken 1
    %%%%%:   79-block  1
call    7 never executed
branch  8 never executed (fallthrough)
branch  9 never executed (throw)
    %%%%%:   79-block  2
call   10 never executed
call   11 never executed
branch 12 never executed (fallthrough)
branch 13 never executed (throw)
    %%%%%:   79-block  3
call   14 never executed
branch 15 never executed (fallthrough)
branch 16 never executed (throw)
    %%%%%:   79-block  4
call   17 never executed
call   18 never executed
        1:   79-block  5
call   19 returned 1
    $$$$$:   79-block  6
    $$$$$:   79-block  7
    $$$$$:   79-block  8
call   20 never executed
    $$$$$:   79-block  9
    $$$$$:   79-block 10
call   21 never executed
    $$$$$:   79-block 11
    $$$$$:   79-block 12
call   22 never executed
        1:   80:}
call    0 returned 1
    $$$$$:   80-block  0
call    1 never executed
------------------
        -:   81:
        -:   82:
        4:   83:TEST_F(ArtGalleryTest, AddDuplicatePainting) {
        1:   84:    gallery.addPainting(painting);
        1:   85:    gallery.addPainting(painting);
        1:   86:    testing::internal::CaptureStdout();
        1:   87:    gallery.showInfo();
        1:   88:    std::string output = testing::internal::GetCapturedStdout();
       1*:   89:    EXPECT_EQ(output.find("Paintings:") != std::string::npos, true);
       1*:   90:    EXPECT_EQ(output.find("Starry Night") != std::string::npos, true);
        1:   91:}
------------------
_ZN40ArtGalleryTest_AddDuplicatePainting_TestC2Ev:
function _ZN40ArtGalleryTest_AddDuplicatePainting_TestC2Ev called 1 returned 100% blocks executed 100%
        1:   83:TEST_F(ArtGalleryTest, AddDuplicatePainting) {
        1:   83-block  0
call    0 returned 1
------------------
_ZN40ArtGalleryTest_AddDuplicatePainting_TestD0Ev:
function _ZN40ArtGalleryTest_AddDuplicatePainting_TestD0Ev called 1 returned 100% blocks executed 100%
        1:   83:TEST_F(ArtGalleryTest, AddDuplicatePainting) {
        1:   83-block  0
call    0 returned 1
call    1 returned 1
------------------
_ZN40ArtGalleryTest_AddDuplicatePainting_TestD2Ev:
function _ZN40ArtGalleryTest_AddDuplicatePainting_TestD2Ev called 1 returned 100% blocks executed 100%
        1:   83:TEST_F(ArtGalleryTest, AddDuplicatePainting) {
        1:   83-block  0
call    0 returned 1
------------------
_ZN40ArtGalleryTest_AddDuplicatePainting_Test8TestBodyEv:
function _ZN40ArtGalleryTest_AddDuplicatePainting_Test8TestBodyEv called 1 returned 100% blocks executed 32%
        1:   83:TEST_F(ArtGalleryTest, AddDuplicatePainting) {
        1:   84:    gallery.addPainting(painting);
        1:   84-block  0
call    0 returned 1
branch  1 taken 1 (fallthrough)
branch  2 taken 0 (throw)
        1:   85:    gallery.addPainting(painting);
        1:   85-block  0
call    0 returned 1
branch  1 taken 1 (fallthrough)
branch  2 taken 0 (throw)
        1:   86:    testing::internal::CaptureStdout();
        1:   86-block  0
call    0 returned 1
branch  1 taken 1 (fallthrough)
branch  2 taken 0 (throw)
        1:   87:    gallery.showInfo();
        1:   87-block  0
call    0 returned 1
branch  1 taken 1 (fallthrough)
branch  2 taken 0 (throw)
        1:   88:    std::string output = testing::internal::GetCapturedStdout();
        1:   88-block  0
call    0 returned 1
branch  1 taken 1 (fallthrough)
branch  2 taken 0 (throw)
       1*:   89:    EXPECT_EQ(output.find("Paintings:") != std::string::npos, true);
        1:   89-block  0
call    0 returned 1
call    1 returned 1
branch  2 taken 1 (fallthrough)
branch  3 taken 0 (throw)
        1:   89-block  1
call    4 returned 1
branch  5 taken 0 (fallthrough)
branch  6 taken 1
    %%%%%:   89-block  2
call    7 never executed
branch  8 never executed (fallthrough)
branch  9 never executed (throw)
    %%%%%:   89-block  3
call   10 never executed
call   11 never executed
branch 12 never executed (fallthrough)
branch 13 never executed (throw)
    %%%%%:   89-block  4
call   14 never executed
branch 15 never executed (fallthrough)
branch 16 never executed (throw)
    %%%%%:   89-block  5
call   17 never executed
call   18 never executed
        1:   89-block  6
call   19 returned 1
    $$$$$:   89-block  7
    $$$$$:   89-block  8
    $$$$$:   89-block  9
call   20 never executed
    $$$$$:   89-block 10
    $$$$$:   89-block 11
call   21 never executed
    $$$$$:   89-block 12
    $$$$$:   89-block 13
call   22 never executed
       1*:   90:    EXPECT_EQ(output.find("Starry Night") != std::string::npos, true);
call    0 returned 1
call    1 returned 1
branch  2 taken 1 (fallthrough)
branch  3 taken 0 (throw)
        1:   90-block  0
call    4 returned 1
branch  5 taken 0 (fallthrough)
branch  6 taken 1
    %%%%%:   90-block  1
call    7 never executed
branch  8 never executed (fallthrough)
branch  9 never executed (throw)
    %%%%%:   90-block  2
call   10 never executed
call   11 never executed
branch 12 never executed (fallthrough)
branch 13 never executed (throw)
    %%%%%:   90-block  3
call   14 never executed
branch 15 never executed (fallthrough)
branch 16 never executed (throw)
    %%%%%:   90-block  4
call   17 never executed
call   18 never executed
        1:   90-block  5
call   19 returned 1
    $$$$$:   90-block  6
    $$$$$:   90-block  7
    $$$$$:   90-block  8
call   20 never executed
    $$$$$:   90-block  9
    $$$$$:   90-block 10
call   21 never executed
    $$$$$:   90-block 11
    $$$$$:   90-block 12
call   22 never executed
        1:   91:}
call    0 returned 1
    $$$$$:   91-block  0
call    1 never executed
------------------
        -:   92:
        -:   93:
        4:   94:TEST_F(ArtGalleryTest, AddReviewToPainting) {
        1:   95:    gallery.addPainting(painting);
        1:   96:    gallery.addReview(review);
        1:   97:    testing::internal::CaptureStdout();
        1:   98:    gallery.showInfo();
        1:   99:    std::string output = testing::internal::GetCapturedStdout();
       1*:  100:    EXPECT_TRUE(output.find("Reviews:") != std::string::npos);
       1*:  101:    EXPECT_TRUE(output.find(review->getContent()) != std::string::npos);
        1:  102:}
------------------
_ZN39ArtGalleryTest_AddReviewToPainting_TestC2Ev:
function _ZN39ArtGalleryTest_AddReviewToPainting_TestC2Ev called 1 returned 100% blocks executed 100%
        1:   94:TEST_F(ArtGalleryTest, AddReviewToPainting) {
        1:   94-block  0
call    0 returned 1
------------------
_ZN39ArtGalleryTest_AddReviewToPainting_TestD0Ev:
function _ZN39ArtGalleryTest_AddReviewToPainting_TestD0Ev called 1 returned 100% blocks executed 100%
        1:   94:TEST_F(ArtGalleryTest, AddReviewToPainting) {
        1:   94-block  0
call    0 returned 1
call    1 returned 1
------------------
_ZN39ArtGalleryTest_AddReviewToPainting_TestD2Ev:
function _ZN39ArtGalleryTest_AddReviewToPainting_TestD2Ev called 1 returned 100% blocks executed 100%
        1:   94:TEST_F(ArtGalleryTest, AddReviewToPainting) {
        1:   94-block  0
call    0 returned 1
------------------
_ZN39ArtGalleryTest_AddReviewToPainting_Test8TestBodyEv:
function _ZN39ArtGalleryTest_AddReviewToPainting_Test8TestBodyEv called 1 returned 100% blocks executed 30%
        1:   94:TEST_F(ArtGalleryTest, AddReviewToPainting) {
        1:   95:    gallery.addPainting(painting);
        1:   95-block  0
call    0 returned 1
branch  1 taken 1 (fallthrough)
branch  2 taken 0 (throw)
        1:   96:    gallery.addReview(review);
        1:   96-block  0
call    0 returned 1
branch  1 taken 1 (fallthrough)
branch  2 taken 0 (throw)
        1:   97:    testing::internal::CaptureStdout();
        1:   97-block  0
call    0 returned 1
branch  1 taken 1 (fallthrough)
branch  2 taken 0 (throw)
        1:   98:    gallery.showInfo();
        1:   98-block  0
call    0 returned 1
branch  1 taken 1 (fallthrough)
branch  2 taken 0 (throw)
        1:   99:    std::string output = testing::internal::GetCapturedStdout();
        1:   99-block  0
call    0 returned 1
branch  1 taken 1 (fallthrough)
branch  2 taken 0 (throw)
       1*:  100:    EXPECT_TRUE(output.find("Reviews:") != std::string::npos);
        1:  100-block  0
call    0 returned 1
call    1 returned 1
call    2 returned 1
branch  3 taken 0 (fallthrough)
branch  4 taken 1
    %%%%%:  100-block  1
call    5 never executed
branch  6 never executed (fallthrough)
branch  7 never executed (throw)
    %%%%%:  100-block  2
call    8 never executed
branch  9 never executed (fallthrough)
branch 10 never executed (throw)
    %%%%%:  100-block  3
call   11 never executed
call   12 never executed
branch 13 never executed (fallthrough)
branch 14 never executed (throw)
    %%%%%:  100-block  4
call   15 never executed
branch 16 never executed (fallthrough)
branch 17 never executed (throw)
    %%%%%:  100-block  5
call   18 never executed
call   19 never executed
call   20 never executed
        1:  100-block  6
call   21 returned 1
    $$$$$:  100-block  7
call   22 never executed
    $$$$$:  100-block  8
call   23 never executed
    $$$$$:  100-block  9
    $$$$$:  100-block 10
    $$$$$:  100-block 11
call   24 never executed
    $$$$$:  100-block 12
    $$$$$:  100-block 13
call   25 never executed
       1*:  101:    EXPECT_TRUE(output.find(review->getContent()) != std::string::npos);
call    0 returned 1
branch  1 taken 1 (fallthrough)
branch  2 taken 0 (throw)
        1:  101-block  0
call    3 returned 1
call    4 returned 1
call    5 returned 1
call    6 returned 1
branch  7 taken 0 (fallthrough)
branch  8 taken 1
    %%%%%:  101-block  1
call    9 never executed
branch 10 never executed (fallthrough)
branch 11 never executed (throw)
    %%%%%:  101-block  2
call   12 never executed
branch 13 never executed (fallthrough)
branch 14 never executed (throw)
    %%%%%:  101-block  3
call   15 never executed
call   16 never executed
branch 17 never executed (fallthrough)
branch 18 never executed (throw)
    %%%%%:  101-block  4
call   19 never executed
branch 20 never executed (fallthrough)
branch 21 never executed (throw)
    %%%%%:  101-block  5
call   22 never executed
call   23 never executed
call   24 never executed
        1:  101-block  6
call   25 returned 1
    $$$$$:  101-block  7
    $$$$$:  101-block  8
    $$$$$:  101-block  9
call   26 never executed
    $$$$$:  101-block 10
call   27 never executed
    $$$$$:  101-block 11
    $$$$$:  101-block 12
    $$$$$:  101-block 13
call   28 never executed
    $$$$$:  101-block 14
    $$$$$:  101-block 15
call   29 never executed
        1:  102:}
call    0 returned 1
    $$$$$:  102-block  0
call    1 never executed
------------------
        -:  103:
        -:  104:
        4:  105:TEST_F(ArtGalleryTest, ShowInfoWithoutArtists) {
        1:  106:    testing::internal::CaptureStdout();
        1:  107:    gallery.showInfo();
        1:  108:    std::string output = testing::internal::GetCapturedStdout();
       1*:  109:    EXPECT_TRUE(output.find("Artists:") != std::string::npos);
       1*:  110:    EXPECT_TRUE(output.find("None.") != std::string::npos);
        1:  111:}
------------------
_ZN42ArtGalleryTest_ShowInfoWithoutArtists_TestC2Ev:
function _ZN42ArtGalleryTest_ShowInfoWithoutArtists_TestC2Ev called 1 returned 100% blocks executed 100%
        1:  105:TEST_F(ArtGalleryTest, ShowInfoWithoutArtists) {
        1:  105-block  0
call    0 returned 1
------------------
_ZN42ArtGalleryTest_ShowInfoWithoutArtists_TestD0Ev:
function _ZN42ArtGalleryTest_ShowInfoWithoutArtists_TestD0Ev called 1 returned 100% blocks executed 100%
        1:  105:TEST_F(ArtGalleryTest, ShowInfoWithoutArtists) {
        1:  105-block  0
call    0 returned 1
call    1 returned 1
------------------
_ZN42ArtGalleryTest_ShowInfoWithoutArtists_TestD2Ev:
function _ZN42ArtGalleryTest_ShowInfoWithoutArtists_TestD2Ev called 1 returned 100% blocks executed 100%
        1:  105:TEST_F(ArtGalleryTest, ShowInfoWithoutArtists) {
        1:  105-block  0
call    0 returned 1
------------------
_ZN42ArtGalleryTest_ShowInfoWithoutArtists_Test8TestBodyEv:
function _ZN42ArtGalleryTest_ShowInfoWithoutArtists_Test8TestBodyEv called 1 returned 100% blocks executed 27%
        1:  105:TEST_F(ArtGalleryTest, ShowInfoWithoutArtists) {
        1:  106:    testing::internal::CaptureStdout();
        1:  106-block  0
call    0 returned 1
branch  1 taken 1 (fallthrough)
branch  2 taken 0 (throw)
        1:  107:    gallery.showInfo();
        1:  107-block  0
call    0 returned 1
branch  1 taken 1 (fallthrough)
branch  2 taken 0 (throw)
        1:  108:    std::string output = testing::internal::GetCapturedStdout();
        1:  108-block  0
call    0 returned 1
branch  1 taken 1 (fallthrough)
branch  2 taken 0 (throw)
       1*:  109:    EXPECT_TRUE(output.find("Artists:") != std::string::npos);
        1:  109-block  0
call    0 returned 1
call    1 returned 1
call    2 returned 1
branch  3 taken 0 (fallthrough)
branch  4 taken 1
    %%%%%:  109-block  1
call    5 never executed
branch  6 never executed (fallthrough)
branch  7 never executed (throw)
    %%%%%:  109-block  2
call    8 never executed
branch  9 never executed (fallthrough)
branch 10 never executed (throw)
    %%%%%:  109-block  3
call   11 never executed
call   12 never executed
branch 13 never executed (fallthrough)
branch 14 never executed (throw)
    %%%%%:  109-block  4
call   15 never executed
branch 16 never executed (fallthrough)
branch 17 never executed (throw)
    %%%%%:  109-block  5
call   18 never executed
call   19 never executed
call   20 never executed
        1:  109-block  6
call   21 returned 1
    $$$$$:  109-block  7
call   22 never executed
    $$$$$:  109-block  8
call   23 never executed
    $$$$$:  109-block  9
    $$$$$:  109-block 10
    $$$$$:  109-block 11
call   24 never executed
    $$$$$:  109-block 12
    $$$$$:  109-block 13
call   25 never executed
       1*:  110:    EXPECT_TRUE(output.find("None.") != std::string::npos);
call    0 returned 1
call    1 returned 1
call    2 returned 1
branch  3 taken 0 (fallthrough)
branch  4 taken 1
    %%%%%:  110-block  0
call    5 never executed
branch  6 never executed (fallthrough)
branch  7 never executed (throw)
    %%%%%:  110-block  1
call    8 never executed
branch  9 never executed (fallthrough)
branch 10 never executed (throw)
    %%%%%:  110-block  2
call   11 never executed
call   12 never executed
branch 13 never executed (fallthrough)
branch 14 never executed (throw)
    %%%%%:  110-block  3
call   15 never executed
branch 16 never executed (fallthrough)
branch 17 never executed (throw)
    %%%%%:  110-block  4
call   18 never executed
call   19 never executed
call   20 never executed
        1:  110-block  5
call   21 returned 1
    $$$$$:  110-block  6
call   22 never executed
    $$$$$:  110-block  7
call   23 never executed
    $$$$$:  110-block  8
    $$$$$:  110-block  9
    $$$$$:  110-block 10
call   24 never executed
    $$$$$:  110-block 11
    $$$$$:  110-block 12
call   25 never executed
        1:  111:}
call    0 returned 1
    $$$$$:  111-block  0
call    1 never executed
------------------
        -:  112:
        -:  113:
        4:  114:TEST_F(ArtGalleryTest, ShowInfoWithoutPaintings) {
        1:  115:    testing::internal::CaptureStdout();
        1:  116:    gallery.showInfo();
        1:  117:    std::string output = testing::internal::GetCapturedStdout();
       1*:  118:    EXPECT_TRUE(output.find("Paintings:") != std::string::npos);
       1*:  119:    EXPECT_TRUE(output.find("None.") != std::string::npos);
        1:  120:}
------------------
_ZN44ArtGalleryTest_ShowInfoWithoutPaintings_TestC2Ev:
function _ZN44ArtGalleryTest_ShowInfoWithoutPaintings_TestC2Ev called 1 returned 100% blocks executed 100%
        1:  114:TEST_F(ArtGalleryTest, ShowInfoWithoutPaintings) {
        1:  114-block  0
call    0 returned 1
------------------
_ZN44ArtGalleryTest_ShowInfoWithoutPaintings_TestD0Ev:
function _ZN44ArtGalleryTest_ShowInfoWithoutPaintings_TestD0Ev called 1 returned 100% blocks executed 100%
        1:  114:TEST_F(ArtGalleryTest, ShowInfoWithoutPaintings) {
        1:  114-block  0
call    0 returned 1
call    1 returned 1
------------------
_ZN44ArtGalleryTest_ShowInfoWithoutPaintings_TestD2Ev:
function _ZN44ArtGalleryTest_ShowInfoWithoutPaintings_TestD2Ev called 1 returned 100% blocks executed 100%
        1:  114:TEST_F(ArtGalleryTest, ShowInfoWithoutPaintings) {
        1:  114-block  0
call    0 returned 1
------------------
_ZN44ArtGalleryTest_ShowInfoWithoutPaintings_Test8TestBodyEv:
function _ZN44ArtGalleryTest_ShowInfoWithoutPaintings_Test8TestBodyEv called 1 returned 100% blocks executed 27%
        1:  114:TEST_F(ArtGalleryTest, ShowInfoWithoutPaintings) {
        1:  115:    testing::internal::CaptureStdout();
        1:  115-block  0
call    0 returned 1
branch  1 taken 1 (fallthrough)
branch  2 taken 0 (throw)
        1:  116:    gallery.showInfo();
        1:  116-block  0
call    0 returned 1
branch  1 taken 1 (fallthrough)
branch  2 taken 0 (throw)
        1:  117:    std::string output = testing::internal::GetCapturedStdout();
        1:  117-block  0
call    0 returned 1
branch  1 taken 1 (fallthrough)
branch  2 taken 0 (throw)
       1*:  118:    EXPECT_TRUE(output.find("Paintings:") != std::string::npos);
        1:  118-block  0
call    0 returned 1
call    1 returned 1
call    2 returned 1
branch  3 taken 0 (fallthrough)
branch  4 taken 1
    %%%%%:  118-block  1
call    5 never executed
branch  6 never executed (fallthrough)
branch  7 never executed (throw)
    %%%%%:  118-block  2
call    8 never executed
branch  9 never executed (fallthrough)
branch 10 never executed (throw)
    %%%%%:  118-block  3
call   11 never executed
call   12 never executed
branch 13 never executed (fallthrough)
branch 14 never executed (throw)
    %%%%%:  118-block  4
call   15 never executed
branch 16 never executed (fallthrough)
branch 17 never executed (throw)
    %%%%%:  118-block  5
call   18 never executed
call   19 never executed
call   20 never executed
        1:  118-block  6
call   21 returned 1
    $$$$$:  118-block  7
call   22 never executed
    $$$$$:  118-block  8
call   23 never executed
    $$$$$:  118-block  9
    $$$$$:  118-block 10
    $$$$$:  118-block 11
call   24 never executed
    $$$$$:  118-block 12
    $$$$$:  118-block 13
call   25 never executed
       1*:  119:    EXPECT_TRUE(output.find("None.") != std::string::npos);
call    0 returned 1
call    1 returned 1
call    2 returned 1
branch  3 taken 0 (fallthrough)
branch  4 taken 1
    %%%%%:  119-block  0
call    5 never executed
branch  6 never executed (fallthrough)
branch  7 never executed (throw)
    %%%%%:  119-block  1
call    8 never executed
branch  9 never executed (fallthrough)
branch 10 never executed (throw)
    %%%%%:  119-block  2
call   11 never executed
call   12 never executed
branch 13 never executed (fallthrough)
branch 14 never executed (throw)
    %%%%%:  119-block  3
call   15 never executed
branch 16 never executed (fallthrough)
branch 17 never executed (throw)
    %%%%%:  119-block  4
call   18 never executed
call   19 never executed
call   20 never executed
        1:  119-block  5
call   21 returned 1
    $$$$$:  119-block  6
call   22 never executed
    $$$$$:  119-block  7
call   23 never executed
    $$$$$:  119-block  8
    $$$$$:  119-block  9
    $$$$$:  119-block 10
call   24 never executed
    $$$$$:  119-block 11
    $$$$$:  119-block 12
call   25 never executed
        1:  120:}
call    0 returned 1
    $$$$$:  120-block  0
call    1 never executed
------------------
        -:  121:
        -:  122:
        4:  123:TEST_F(ArtGalleryTest, ShowInfoWithoutClients) {
        1:  124:    testing::internal::CaptureStdout();
        1:  125:    gallery.showInfo();
        1:  126:    std::string output = testing::internal::GetCapturedStdout();
       1*:  127:    EXPECT_TRUE(output.find("Clients:") != std::string::npos);
       1*:  128:    EXPECT_TRUE(output.find("None.") != std::string::npos);
        1:  129:}
------------------
_ZN42ArtGalleryTest_ShowInfoWithoutClients_TestC2Ev:
function _ZN42ArtGalleryTest_ShowInfoWithoutClients_TestC2Ev called 1 returned 100% blocks executed 100%
        1:  123:TEST_F(ArtGalleryTest, ShowInfoWithoutClients) {
        1:  123-block  0
call    0 returned 1
------------------
_ZN42ArtGalleryTest_ShowInfoWithoutClients_TestD0Ev:
function _ZN42ArtGalleryTest_ShowInfoWithoutClients_TestD0Ev called 1 returned 100% blocks executed 100%
        1:  123:TEST_F(ArtGalleryTest, ShowInfoWithoutClients) {
        1:  123-block  0
call    0 returned 1
call    1 returned 1
------------------
_ZN42ArtGalleryTest_ShowInfoWithoutClients_TestD2Ev:
function _ZN42ArtGalleryTest_ShowInfoWithoutClients_TestD2Ev called 1 returned 100% blocks executed 100%
        1:  123:TEST_F(ArtGalleryTest, ShowInfoWithoutClients) {
        1:  123-block  0
call    0 returned 1
------------------
_ZN42ArtGalleryTest_ShowInfoWithoutClients_Test8TestBodyEv:
function _ZN42ArtGalleryTest_ShowInfoWithoutClients_Test8TestBodyEv called 1 returned 100% blocks executed 27%
        1:  123:TEST_F(ArtGalleryTest, ShowInfoWithoutClients) {
        1:  124:    testing::internal::CaptureStdout();
        1:  124-block  0
call    0 returned 1
branch  1 taken 1 (fallthrough)
branch  2 taken 0 (throw)
        1:  125:    gallery.showInfo();
        1:  125-block  0
call    0 returned 1
branch  1 taken 1 (fallthrough)
branch  2 taken 0 (throw)
        1:  126:    std::string output = testing::internal::GetCapturedStdout();
        1:  126-block  0
call    0 returned 1
branch  1 taken 1 (fallthrough)
branch  2 taken 0 (throw)
       1*:  127:    EXPECT_TRUE(output.find("Clients:") != std::string::npos);
        1:  127-block  0
call    0 returned 1
call    1 returned 1
call    2 returned 1
branch  3 taken 0 (fallthrough)
branch  4 taken 1
    %%%%%:  127-block  1
call    5 never executed
branch  6 never executed (fallthrough)
branch  7 never executed (throw)
    %%%%%:  127-block  2
call    8 never executed
branch  9 never executed (fallthrough)
branch 10 never executed (throw)
    %%%%%:  127-block  3
call   11 never executed
call   12 never executed
branch 13 never executed (fallthrough)
branch 14 never executed (throw)
    %%%%%:  127-block  4
call   15 never executed
branch 16 never executed (fallthrough)
branch 17 never executed (throw)
    %%%%%:  127-block  5
call   18 never executed
call   19 never executed
call   20 never executed
        1:  127-block  6
call   21 returned 1
    $$$$$:  127-block  7
call   22 never executed
    $$$$$:  127-block  8
call   23 never executed
    $$$$$:  127-block  9
    $$$$$:  127-block 10
    $$$$$:  127-block 11
call   24 never executed
    $$$$$:  127-block 12
    $$$$$:  127-block 13
call   25 never executed
       1*:  128:    EXPECT_TRUE(output.find("None.") != std::string::npos);
call    0 returned 1
call    1 returned 1
call    2 returned 1
branch  3 taken 0 (fallthrough)
branch  4 taken 1
    %%%%%:  128-block  0
call    5 never executed
branch  6 never executed (fallthrough)
branch  7 never executed (throw)
    %%%%%:  128-block  1
call    8 never executed
branch  9 never executed (fallthrough)
branch 10 never executed (throw)
    %%%%%:  128-block  2
call   11 never executed
call   12 never executed
branch 13 never executed (fallthrough)
branch 14 never executed (throw)
    %%%%%:  128-block  3
call   15 never executed
branch 16 never executed (fallthrough)
branch 17 never executed (throw)
    %%%%%:  128-block  4
call   18 never executed
call   19 never executed
call   20 never executed
        1:  128-block  5
call   21 returned 1
    $$$$$:  128-block  6
call   22 never executed
    $$$$$:  128-block  7
call   23 never executed
    $$$$$:  128-block  8
    $$$$$:  128-block  9
    $$$$$:  128-block 10
call   24 never executed
    $$$$$:  128-block 11
    $$$$$:  128-block 12
call   25 never executed
        1:  129:}
call    0 returned 1
    $$$$$:  129-block  0
call    1 never executed
------------------
        -:  130:
        -:  131:
        4:  132:TEST_F(ArtGalleryTest, ShowInfoWithoutReviews) {
        1:  133:    testing::internal::CaptureStdout();
        1:  134:    gallery.showInfo();
        1:  135:    std::string output = testing::internal::GetCapturedStdout();
       1*:  136:    EXPECT_TRUE(output.find("Reviews:") != std::string::npos);
       1*:  137:    EXPECT_TRUE(output.find("None.") != std::string::npos);
        1:  138:}
------------------
_ZN42ArtGalleryTest_ShowInfoWithoutReviews_TestC2Ev:
function _ZN42ArtGalleryTest_ShowInfoWithoutReviews_TestC2Ev called 1 returned 100% blocks executed 100%
        1:  132:TEST_F(ArtGalleryTest, ShowInfoWithoutReviews) {
        1:  132-block  0
call    0 returned 1
------------------
_ZN42ArtGalleryTest_ShowInfoWithoutReviews_TestD0Ev:
function _ZN42ArtGalleryTest_ShowInfoWithoutReviews_TestD0Ev called 1 returned 100% blocks executed 100%
        1:  132:TEST_F(ArtGalleryTest, ShowInfoWithoutReviews) {
        1:  132-block  0
call    0 returned 1
call    1 returned 1
------------------
_ZN42ArtGalleryTest_ShowInfoWithoutReviews_TestD2Ev:
function _ZN42ArtGalleryTest_ShowInfoWithoutReviews_TestD2Ev called 1 returned 100% blocks executed 100%
        1:  132:TEST_F(ArtGalleryTest, ShowInfoWithoutReviews) {
        1:  132-block  0
call    0 returned 1
------------------
_ZN42ArtGalleryTest_ShowInfoWithoutReviews_Test8TestBodyEv:
function _ZN42ArtGalleryTest_ShowInfoWithoutReviews_Test8TestBodyEv called 1 returned 100% blocks executed 27%
        1:  132:TEST_F(ArtGalleryTest, ShowInfoWithoutReviews) {
        1:  133:    testing::internal::CaptureStdout();
        1:  133-block  0
call    0 returned 1
branch  1 taken 1 (fallthrough)
branch  2 taken 0 (throw)
        1:  134:    gallery.showInfo();
        1:  134-block  0
call    0 returned 1
branch  1 taken 1 (fallthrough)
branch  2 taken 0 (throw)
        1:  135:    std::string output = testing::internal::GetCapturedStdout();
        1:  135-block  0
call    0 returned 1
branch  1 taken 1 (fallthrough)
branch  2 taken 0 (throw)
       1*:  136:    EXPECT_TRUE(output.find("Reviews:") != std::string::npos);
        1:  136-block  0
call    0 returned 1
call    1 returned 1
call    2 returned 1
branch  3 taken 0 (fallthrough)
branch  4 taken 1
    %%%%%:  136-block  1
call    5 never executed
branch  6 never executed (fallthrough)
branch  7 never executed (throw)
    %%%%%:  136-block  2
call    8 never executed
branch  9 never executed (fallthrough)
branch 10 never executed (throw)
    %%%%%:  136-block  3
call   11 never executed
call   12 never executed
branch 13 never executed (fallthrough)
branch 14 never executed (throw)
    %%%%%:  136-block  4
call   15 never executed
branch 16 never executed (fallthrough)
branch 17 never executed (throw)
    %%%%%:  136-block  5
call   18 never executed
call   19 never executed
call   20 never executed
        1:  136-block  6
call   21 returned 1
    $$$$$:  136-block  7
call   22 never executed
    $$$$$:  136-block  8
call   23 never executed
    $$$$$:  136-block  9
    $$$$$:  136-block 10
    $$$$$:  136-block 11
call   24 never executed
    $$$$$:  136-block 12
    $$$$$:  136-block 13
call   25 never executed
       1*:  137:    EXPECT_TRUE(output.find("None.") != std::string::npos);
call    0 returned 1
call    1 returned 1
call    2 returned 1
branch  3 taken 0 (fallthrough)
branch  4 taken 1
    %%%%%:  137-block  0
call    5 never executed
branch  6 never executed (fallthrough)
branch  7 never executed (throw)
    %%%%%:  137-block  1
call    8 never executed
branch  9 never executed (fallthrough)
branch 10 never executed (throw)
    %%%%%:  137-block  2
call   11 never executed
call   12 never executed
branch 13 never executed (fallthrough)
branch 14 never executed (throw)
    %%%%%:  137-block  3
call   15 never executed
branch 16 never executed (fallthrough)
branch 17 never executed (throw)
    %%%%%:  137-block  4
call   18 never executed
call   19 never executed
call   20 never executed
        1:  137-block  5
call   21 returned 1
    $$$$$:  137-block  6
call   22 never executed
    $$$$$:  137-block  7
call   23 never executed
    $$$$$:  137-block  8
    $$$$$:  137-block  9
    $$$$$:  137-block 10
call   24 never executed
    $$$$$:  137-block 11
    $$$$$:  137-block 12
call   25 never executed
        1:  138:}
call    0 returned 1
    $$$$$:  138-block  0
call    1 never executed
------------------
        -:  139:
        -:  140:
        4:  141:TEST_F(ArtGalleryTest, ShowInfoWithoutEvents) {
        1:  142:    testing::internal::CaptureStdout();
        1:  143:    gallery.showInfo();
        1:  144:    std::string output = testing::internal::GetCapturedStdout();
       1*:  145:    EXPECT_TRUE(output.find("Events:") != std::string::npos);
       1*:  146:    EXPECT_TRUE(output.find("None.") != std::string::npos);
        1:  147:}
------------------
_ZN41ArtGalleryTest_ShowInfoWithoutEvents_TestC2Ev:
function _ZN41ArtGalleryTest_ShowInfoWithoutEvents_TestC2Ev called 1 returned 100% blocks executed 100%
        1:  141:TEST_F(ArtGalleryTest, ShowInfoWithoutEvents) {
        1:  141-block  0
call    0 returned 1
------------------
_ZN41ArtGalleryTest_ShowInfoWithoutEvents_TestD0Ev:
function _ZN41ArtGalleryTest_ShowInfoWithoutEvents_TestD0Ev called 1 returned 100% blocks executed 100%
        1:  141:TEST_F(ArtGalleryTest, ShowInfoWithoutEvents) {
        1:  141-block  0
call    0 returned 1
call    1 returned 1
------------------
_ZN41ArtGalleryTest_ShowInfoWithoutEvents_TestD2Ev:
function _ZN41ArtGalleryTest_ShowInfoWithoutEvents_TestD2Ev called 1 returned 100% blocks executed 100%
        1:  141:TEST_F(ArtGalleryTest, ShowInfoWithoutEvents) {
        1:  141-block  0
call    0 returned 1
------------------
_ZN41ArtGalleryTest_ShowInfoWithoutEvents_Test8TestBodyEv:
function _ZN41ArtGalleryTest_ShowInfoWithoutEvents_Test8TestBodyEv called 1 returned 100% blocks executed 27%
        1:  141:TEST_F(ArtGalleryTest, ShowInfoWithoutEvents) {
        1:  142:    testing::internal::CaptureStdout();
        1:  142-block  0
call    0 returned 1
branch  1 taken 1 (fallthrough)
branch  2 taken 0 (throw)
        1:  143:    gallery.showInfo();
        1:  143-block  0
call    0 returned 1
branch  1 taken 1 (fallthrough)
branch  2 taken 0 (throw)
        1:  144:    std::string output = testing::internal::GetCapturedStdout();
        1:  144-block  0
call    0 returned 1
branch  1 taken 1 (fallthrough)
branch  2 taken 0 (throw)
       1*:  145:    EXPECT_TRUE(output.find("Events:") != std::string::npos);
        1:  145-block  0
call    0 returned 1
call    1 returned 1
call    2 returned 1
branch  3 taken 0 (fallthrough)
branch  4 taken 1
    %%%%%:  145-block  1
call    5 never executed
branch  6 never executed (fallthrough)
branch  7 never executed (throw)
    %%%%%:  145-block  2
call    8 never executed
branch  9 never executed (fallthrough)
branch 10 never executed (throw)
    %%%%%:  145-block  3
call   11 never executed
call   12 never executed
branch 13 never executed (fallthrough)
branch 14 never executed (throw)
    %%%%%:  145-block  4
call   15 never executed
branch 16 never executed (fallthrough)
branch 17 never executed (throw)
    %%%%%:  145-block  5
call   18 never executed
call   19 never executed
call   20 never executed
        1:  145-block  6
call   21 returned 1
    $$$$$:  145-block  7
call   22 never executed
    $$$$$:  145-block  8
call   23 never executed
    $$$$$:  145-block  9
    $$$$$:  145-block 10
    $$$$$:  145-block 11
call   24 never executed
    $$$$$:  145-block 12
    $$$$$:  145-block 13
call   25 never executed
       1*:  146:    EXPECT_TRUE(output.find("None.") != std::string::npos);
call    0 returned 1
call    1 returned 1
call    2 returned 1
branch  3 taken 0 (fallthrough)
branch  4 taken 1
    %%%%%:  146-block  0
call    5 never executed
branch  6 never executed (fallthrough)
branch  7 never executed (throw)
    %%%%%:  146-block  1
call    8 never executed
branch  9 never executed (fallthrough)
branch 10 never executed (throw)
    %%%%%:  146-block  2
call   11 never executed
call   12 never executed
branch 13 never executed (fallthrough)
branch 14 never executed (throw)
    %%%%%:  146-block  3
call   15 never executed
branch 16 never executed (fallthrough)
branch 17 never executed (throw)
    %%%%%:  146-block  4
call   18 never executed
call   19 never executed
call   20 never executed
        1:  146-block  5
call   21 returned 1
    $$$$$:  146-block  6
call   22 never executed
    $$$$$:  146-block  7
call   23 never executed
    $$$$$:  146-block  8
    $$$$$:  146-block  9
    $$$$$:  146-block 10
call   24 never executed
    $$$$$:  146-block 11
    $$$$$:  146-block 12
call   25 never executed
        1:  147:}
call    0 returned 1
    $$$$$:  147-block  0
call    1 never executed
------------------
