        -:    0:Source:/home/dstrunetss/Desktop/PPOIS/sem_1/lab_2/Testing/ArtistTest.cpp
        -:    0:Graph:/home/dstrunetss/Desktop/PPOIS/sem_1/lab_2/cmake-build-debug-coverage/CMakeFiles/lab_2.dir/Testing/ArtistTest.cpp.gcno
        -:    0:Data:/home/dstrunetss/Desktop/PPOIS/sem_1/lab_2/cmake-build-debug-coverage/CMakeFiles/lab_2.dir/Testing/ArtistTest.cpp.gcda
        -:    0:Runs:1
        -:    1:#include "../cmake-build-debug/Artist.h"
        -:    2:#include "gtest/gtest.h"
        -:    3:
        -:    4:
        -:    5:class ArtistTest : public ::testing::Test {
        -:    6:protected:
        -:    7:        Artist* artist_ = new Artist("Vincent van Gogh", "A Dutch Post-Impressionist painter"
        -:    8:                                                         " who is among the most famous and influential figures"
        -:    9:                                                         " in the history of Western art.");
        -:   10:
        -:   11:};
        -:   12:
        -:   13:
        4:   14:TEST_F(ArtistTest, GetName) {
       1*:   15:    EXPECT_EQ(artist_->getName(), "Vincent van Gogh");
        1:   16:}
------------------
_ZN23ArtistTest_GetName_TestC2Ev:
function _ZN23ArtistTest_GetName_TestC2Ev called 1 returned 100% blocks executed 100%
        1:   14:TEST_F(ArtistTest, GetName) {
        1:   14-block  0
call    0 returned 1
------------------
_ZN23ArtistTest_GetName_TestD0Ev:
function _ZN23ArtistTest_GetName_TestD0Ev called 1 returned 100% blocks executed 100%
        1:   14:TEST_F(ArtistTest, GetName) {
        1:   14-block  0
call    0 returned 1
call    1 returned 1
------------------
_ZN23ArtistTest_GetName_TestD2Ev:
function _ZN23ArtistTest_GetName_TestD2Ev called 1 returned 100% blocks executed 100%
        1:   14:TEST_F(ArtistTest, GetName) {
        1:   14-block  0
call    0 returned 1
------------------
_ZN23ArtistTest_GetName_Test8TestBodyEv:
function _ZN23ArtistTest_GetName_Test8TestBodyEv called 1 returned 100% blocks executed 31%
        1:   14:TEST_F(ArtistTest, GetName) {
       1*:   15:    EXPECT_EQ(artist_->getName(), "Vincent van Gogh");
        1:   15-block  0
call    0 returned 1
branch  1 taken 1 (fallthrough)
branch  2 taken 0 (throw)
        1:   15-block  1
call    3 returned 1
branch  4 taken 1 (fallthrough)
branch  5 taken 0 (throw)
        1:   15-block  2
call    6 returned 1
call    7 returned 1
branch  8 taken 0 (fallthrough)
branch  9 taken 1
    %%%%%:   15-block  3
call   10 never executed
branch 11 never executed (fallthrough)
branch 12 never executed (throw)
    %%%%%:   15-block  4
call   13 never executed
call   14 never executed
branch 15 never executed (fallthrough)
branch 16 never executed (throw)
    %%%%%:   15-block  5
call   17 never executed
branch 18 never executed (fallthrough)
branch 19 never executed (throw)
    %%%%%:   15-block  6
call   20 never executed
call   21 never executed
        1:   15-block  7
call   22 returned 1
    $$$$$:   15-block  8
call   23 never executed
    $$$$$:   15-block  9
    $$$$$:   15-block 10
call   24 never executed
    $$$$$:   15-block 11
    $$$$$:   15-block 12
call   25 never executed
    $$$$$:   15-block 13
    $$$$$:   15-block 14
call   26 never executed
        1:   16:}
------------------
        -:   17:
        -:   18:
        4:   19:TEST_F(ArtistTest, GetBiography) {
       1*:   20:    EXPECT_EQ(artist_->getBiography(), "A Dutch Post-Impressionist painter who is among the most famous and influential figures in the history of Western art.");
        1:   21:}
------------------
_ZN28ArtistTest_GetBiography_TestC2Ev:
function _ZN28ArtistTest_GetBiography_TestC2Ev called 1 returned 100% blocks executed 100%
        1:   19:TEST_F(ArtistTest, GetBiography) {
        1:   19-block  0
call    0 returned 1
------------------
_ZN28ArtistTest_GetBiography_TestD0Ev:
function _ZN28ArtistTest_GetBiography_TestD0Ev called 1 returned 100% blocks executed 100%
        1:   19:TEST_F(ArtistTest, GetBiography) {
        1:   19-block  0
call    0 returned 1
call    1 returned 1
------------------
_ZN28ArtistTest_GetBiography_TestD2Ev:
function _ZN28ArtistTest_GetBiography_TestD2Ev called 1 returned 100% blocks executed 100%
        1:   19:TEST_F(ArtistTest, GetBiography) {
        1:   19-block  0
call    0 returned 1
------------------
_ZN28ArtistTest_GetBiography_Test8TestBodyEv:
function _ZN28ArtistTest_GetBiography_Test8TestBodyEv called 1 returned 100% blocks executed 31%
        1:   19:TEST_F(ArtistTest, GetBiography) {
       1*:   20:    EXPECT_EQ(artist_->getBiography(), "A Dutch Post-Impressionist painter who is among the most famous and influential figures in the history of Western art.");
        1:   20-block  0
call    0 returned 1
branch  1 taken 1 (fallthrough)
branch  2 taken 0 (throw)
        1:   20-block  1
call    3 returned 1
branch  4 taken 1 (fallthrough)
branch  5 taken 0 (throw)
        1:   20-block  2
call    6 returned 1
call    7 returned 1
branch  8 taken 0 (fallthrough)
branch  9 taken 1
    %%%%%:   20-block  3
call   10 never executed
branch 11 never executed (fallthrough)
branch 12 never executed (throw)
    %%%%%:   20-block  4
call   13 never executed
call   14 never executed
branch 15 never executed (fallthrough)
branch 16 never executed (throw)
    %%%%%:   20-block  5
call   17 never executed
branch 18 never executed (fallthrough)
branch 19 never executed (throw)
    %%%%%:   20-block  6
call   20 never executed
call   21 never executed
        1:   20-block  7
call   22 returned 1
    $$$$$:   20-block  8
call   23 never executed
    $$$$$:   20-block  9
    $$$$$:   20-block 10
call   24 never executed
    $$$$$:   20-block 11
    $$$$$:   20-block 12
call   25 never executed
    $$$$$:   20-block 13
    $$$$$:   20-block 14
call   26 never executed
        1:   21:}
------------------
        -:   22:
        -:   23:
        4:   24:TEST_F(ArtistTest, ConstructorWithEmptyStrings) {
        4:   25:    const auto* emptyArtist = new Artist("", "");
       1*:   26:    EXPECT_EQ(emptyArtist->getName(), "");
       1*:   27:    EXPECT_EQ(emptyArtist->getBiography(), "");
        1:   28:    delete emptyArtist;
        1:   29:}
------------------
_ZN43ArtistTest_ConstructorWithEmptyStrings_TestC2Ev:
function _ZN43ArtistTest_ConstructorWithEmptyStrings_TestC2Ev called 1 returned 100% blocks executed 100%
        1:   24:TEST_F(ArtistTest, ConstructorWithEmptyStrings) {
        1:   24-block  0
call    0 returned 1
------------------
_ZN43ArtistTest_ConstructorWithEmptyStrings_TestD0Ev:
function _ZN43ArtistTest_ConstructorWithEmptyStrings_TestD0Ev called 1 returned 100% blocks executed 100%
        1:   24:TEST_F(ArtistTest, ConstructorWithEmptyStrings) {
        1:   24-block  0
call    0 returned 1
call    1 returned 1
------------------
_ZN43ArtistTest_ConstructorWithEmptyStrings_TestD2Ev:
function _ZN43ArtistTest_ConstructorWithEmptyStrings_TestD2Ev called 1 returned 100% blocks executed 100%
        1:   24:TEST_F(ArtistTest, ConstructorWithEmptyStrings) {
        1:   24-block  0
call    0 returned 1
------------------
_ZN43ArtistTest_ConstructorWithEmptyStrings_Test8TestBodyEv:
function _ZN43ArtistTest_ConstructorWithEmptyStrings_Test8TestBodyEv called 1 returned 100% blocks executed 35%
        1:   24:TEST_F(ArtistTest, ConstructorWithEmptyStrings) {
        4:   25:    const auto* emptyArtist = new Artist("", "");
        1:   25-block  0
call    0 returned 1
        1:   25-block  1
call    1 returned 1
branch  2 taken 1 (fallthrough)
branch  3 taken 0 (throw)
        1:   25-block  2
call    4 returned 1
branch  5 taken 1 (fallthrough)
branch  6 taken 0 (throw)
        1:   25-block  3
call    7 returned 1
branch  8 taken 1 (fallthrough)
branch  9 taken 0 (throw)
        1:   25-block  4
call   10 returned 1
        1:   25-block  5
call   11 returned 1
    $$$$$:   25-block  6
call   12 never executed
    $$$$$:   25-block  7
    $$$$$:   25-block  8
    $$$$$:   25-block  9
call   13 never executed
    $$$$$:   25-block 10
    $$$$$:   25-block 11
    $$$$$:   25-block 12
branch 14 never executed (fallthrough)
branch 15 never executed
    $$$$$:   25-block 13
call   16 never executed
       1*:   26:    EXPECT_EQ(emptyArtist->getName(), "");
        1:   26-block  0
call    0 returned 1
branch  1 taken 1 (fallthrough)
branch  2 taken 0 (throw)
        1:   26-block  1
call    3 returned 1
branch  4 taken 1 (fallthrough)
branch  5 taken 0 (throw)
        1:   26-block  2
call    6 returned 1
call    7 returned 1
branch  8 taken 0 (fallthrough)
branch  9 taken 1
    %%%%%:   26-block  3
call   10 never executed
branch 11 never executed (fallthrough)
branch 12 never executed (throw)
    %%%%%:   26-block  4
call   13 never executed
call   14 never executed
branch 15 never executed (fallthrough)
branch 16 never executed (throw)
    %%%%%:   26-block  5
call   17 never executed
branch 18 never executed (fallthrough)
branch 19 never executed (throw)
    %%%%%:   26-block  6
call   20 never executed
call   21 never executed
        1:   26-block  7
call   22 returned 1
    $$$$$:   26-block  8
call   23 never executed
    $$$$$:   26-block  9
    $$$$$:   26-block 10
call   24 never executed
    $$$$$:   26-block 11
    $$$$$:   26-block 12
call   25 never executed
    $$$$$:   26-block 13
    $$$$$:   26-block 14
call   26 never executed
       1*:   27:    EXPECT_EQ(emptyArtist->getBiography(), "");
call    0 returned 1
branch  1 taken 1 (fallthrough)
branch  2 taken 0 (throw)
        1:   27-block  0
call    3 returned 1
branch  4 taken 1 (fallthrough)
branch  5 taken 0 (throw)
        1:   27-block  1
call    6 returned 1
call    7 returned 1
branch  8 taken 0 (fallthrough)
branch  9 taken 1
    %%%%%:   27-block  2
call   10 never executed
branch 11 never executed (fallthrough)
branch 12 never executed (throw)
    %%%%%:   27-block  3
call   13 never executed
call   14 never executed
branch 15 never executed (fallthrough)
branch 16 never executed (throw)
    %%%%%:   27-block  4
call   17 never executed
branch 18 never executed (fallthrough)
branch 19 never executed (throw)
    %%%%%:   27-block  5
call   20 never executed
call   21 never executed
        1:   27-block  6
call   22 returned 1
    $$$$$:   27-block  7
call   23 never executed
    $$$$$:   27-block  8
    $$$$$:   27-block  9
call   24 never executed
    $$$$$:   27-block 10
    $$$$$:   27-block 11
call   25 never executed
    $$$$$:   27-block 12
    $$$$$:   27-block 13
call   26 never executed
        1:   28:    delete emptyArtist;
branch  0 taken 1 (fallthrough)
branch  1 taken 0
        1:   28-block  0
call    2 returned 1
        1:   29:}
        1:   29-block  0
------------------
