        -:    0:Source:/home/dstrunetss/Desktop/PPOIS/sem_1/lab_2/cmake-build-debug/Artist.cpp
        -:    0:Graph:/home/dstrunetss/Desktop/PPOIS/sem_1/lab_2/cmake-build-debug-coverage/CMakeFiles/lab_2.dir/cmake-build-debug/Artist.cpp.gcno
        -:    0:Data:/home/dstrunetss/Desktop/PPOIS/sem_1/lab_2/cmake-build-debug-coverage/CMakeFiles/lab_2.dir/cmake-build-debug/Artist.cpp.gcda
        -:    0:Runs:1
        -:    1:#include "includes.h"
        -:    2:
        -:    3:
function _ZNK6Artist12getBiographyB5cxx11Ev called 6 returned 100% blocks executed 100%
        6:    4:string Artist::getBiography() const  {
        6:    5:  return biography_;
        6:    5-block  0
call    0 returned 6
        -:    6:}
function _ZNK6Artist8showInfoEv called 4 returned 100% blocks executed 67%
        4:    7:void Artist::showInfo() const  {
        4:    8:  cout<<getName()<<", "<< getBiography()<<"\n";
        4:    8-block  0
call    0 returned 4
branch  1 taken 4 (fallthrough)
branch  2 taken 0 (throw)
        4:    8-block  1
call    3 returned 4
branch  4 taken 4 (fallthrough)
branch  5 taken 0 (throw)
        4:    8-block  2
call    6 returned 4
branch  7 taken 4 (fallthrough)
branch  8 taken 0 (throw)
        4:    8-block  3
call    9 returned 4
branch 10 taken 4 (fallthrough)
branch 11 taken 0 (throw)
        4:    8-block  4
call   12 returned 4
branch 13 taken 4 (fallthrough)
branch 14 taken 0 (throw)
        4:    8-block  5
call   15 returned 4
branch 16 taken 4 (fallthrough)
branch 17 taken 0 (throw)
        4:    8-block  6
call   18 returned 4
call   19 returned 4
    $$$$$:    8-block  7
call   20 never executed
    $$$$$:    8-block  8
    $$$$$:    8-block  9
call   21 never executed
        4:    9:}
