        -:    0:Source:/home/dstrunetss/Desktop/PPOIS/sem_1/lab_2/Testing/BankTest.cpp
        -:    0:Graph:/home/dstrunetss/Desktop/PPOIS/sem_1/lab_2/cmake-build-debug-coverage/CMakeFiles/lab_2.dir/Testing/BankTest.cpp.gcno
        -:    0:Data:/home/dstrunetss/Desktop/PPOIS/sem_1/lab_2/cmake-build-debug-coverage/CMakeFiles/lab_2.dir/Testing/BankTest.cpp.gcda
        -:    0:Runs:1
        -:    1:#include "../cmake-build-debug/Bank.h"
        -:    2:#include "gtest/gtest.h"
        -:    3:
        -:    4:
        -:    5:
        -:    6:
        -:    7:
        -:    8:class TransactionMock : public Transaction {
        -:    9:public:
function _ZN15TransactionMockC2EP6ClientP8Paintingd called 1 returned 100% blocks executed 100%
        1:   10:    TransactionMock(Client* client, Painting* painting, double amount)
        1:   11:        : Transaction(client, painting, amount) {}
        1:   11-block  0
call    0 returned 1
        -:   12:
        -:   13:    void process() const {
        -:   14:        Transaction::process();
        -:   15:    }
        -:   16:};
        -:   17:
        -:   18:
        -:   19:class BankTest : public ::testing::Test {
        -:   20:protected:
        -:   21:    Bank bank;
        -:   22:};
        -:   23:
        -:   24:
        4:   25:TEST_F(BankTest, ProcessTransaction) {
        4:   26:    Artist* artist_ = new Artist("Van Gog","try killed hi,self");
        2:   27:    Category* category_ = new Category("post-impressionism");
        6:   28:    Client* client_ = new Client("Maksim","@example.com","1111");
        4:   29:    Painting* painting_ = new Painting("Starry Night",artist_,"post-impressionism",0,category_);
        1:   30:    Transaction* transaction_ = new Transaction(client_,painting_,0);
        1:   31:    bank.processTransaction(transaction_);
       1*:   32:    EXPECT_EQ(bank.getTotalRevenue(), 20);
        1:   33:}
------------------
_ZN32BankTest_ProcessTransaction_TestC2Ev:
function _ZN32BankTest_ProcessTransaction_TestC2Ev called 1 returned 100% blocks executed 100%
        1:   25:TEST_F(BankTest, ProcessTransaction) {
        1:   25-block  0
call    0 returned 1
------------------
_ZN32BankTest_ProcessTransaction_TestD0Ev:
function _ZN32BankTest_ProcessTransaction_TestD0Ev called 1 returned 100% blocks executed 100%
        1:   25:TEST_F(BankTest, ProcessTransaction) {
        1:   25-block  0
call    0 returned 1
call    1 returned 1
------------------
_ZN32BankTest_ProcessTransaction_TestD2Ev:
function _ZN32BankTest_ProcessTransaction_TestD2Ev called 1 returned 100% blocks executed 100%
        1:   25:TEST_F(BankTest, ProcessTransaction) {
        1:   25-block  0
call    0 returned 1
------------------
_ZN32BankTest_ProcessTransaction_Test8TestBodyEv:
function _ZN32BankTest_ProcessTransaction_Test8TestBodyEv called 1 returned 100% blocks executed 43%
        1:   25:TEST_F(BankTest, ProcessTransaction) {
        4:   26:    Artist* artist_ = new Artist("Van Gog","try killed hi,self");
        1:   26-block  0
call    0 returned 1
        1:   26-block  1
call    1 returned 1
branch  2 taken 1 (fallthrough)
branch  3 taken 0 (throw)
        1:   26-block  2
call    4 returned 1
branch  5 taken 1 (fallthrough)
branch  6 taken 0 (throw)
        1:   26-block  3
call    7 returned 1
branch  8 taken 1 (fallthrough)
branch  9 taken 0 (throw)
        1:   26-block  4
call   10 returned 1
        1:   26-block  5
call   11 returned 1
    $$$$$:   26-block  6
call   12 never executed
    $$$$$:   26-block  7
    $$$$$:   26-block  8
    $$$$$:   26-block  9
call   13 never executed
    $$$$$:   26-block 10
    $$$$$:   26-block 11
    $$$$$:   26-block 12
branch 14 never executed (fallthrough)
branch 15 never executed
    $$$$$:   26-block 13
call   16 never executed
        2:   27:    Category* category_ = new Category("post-impressionism");
        1:   27-block  0
call    0 returned 1
        1:   27-block  1
call    1 returned 1
branch  2 taken 1 (fallthrough)
branch  3 taken 0 (throw)
        1:   27-block  2
call    4 returned 1
branch  5 taken 1 (fallthrough)
branch  6 taken 0 (throw)
        1:   27-block  3
call    7 returned 1
    $$$$$:   27-block  4
call    8 never executed
    $$$$$:   27-block  5
    $$$$$:   27-block  6
    $$$$$:   27-block  7
branch  9 never executed (fallthrough)
branch 10 never executed
    $$$$$:   27-block  8
call   11 never executed
        6:   28:    Client* client_ = new Client("Maksim","@example.com","1111");
        1:   28-block  0
call    0 returned 1
        1:   28-block  1
call    1 returned 1
branch  2 taken 1 (fallthrough)
branch  3 taken 0 (throw)
        1:   28-block  2
call    4 returned 1
branch  5 taken 1 (fallthrough)
branch  6 taken 0 (throw)
        1:   28-block  3
call    7 returned 1
branch  8 taken 1 (fallthrough)
branch  9 taken 0 (throw)
        1:   28-block  4
call   10 returned 1
branch 11 taken 1 (fallthrough)
branch 12 taken 0 (throw)
        1:   28-block  5
call   13 returned 1
        1:   28-block  6
call   14 returned 1
        1:   28-block  7
call   15 returned 1
    $$$$$:   28-block  8
call   16 never executed
    $$$$$:   28-block  9
    $$$$$:   28-block 10
    $$$$$:   28-block 11
call   17 never executed
    $$$$$:   28-block 12
    $$$$$:   28-block 13
    $$$$$:   28-block 14
call   18 never executed
    $$$$$:   28-block 15
    $$$$$:   28-block 16
    $$$$$:   28-block 17
branch 19 never executed (fallthrough)
branch 20 never executed
    $$$$$:   28-block 18
call   21 never executed
        4:   29:    Painting* painting_ = new Painting("Starry Night",artist_,"post-impressionism",0,category_);
        1:   29-block  0
call    0 returned 1
        1:   29-block  1
call    1 returned 1
branch  2 taken 1 (fallthrough)
branch  3 taken 0 (throw)
        1:   29-block  2
call    4 returned 1
branch  5 taken 1 (fallthrough)
branch  6 taken 0 (throw)
        1:   29-block  3
call    7 returned 1
branch  8 taken 1 (fallthrough)
branch  9 taken 0 (throw)
        1:   29-block  4
call   10 returned 1
        1:   29-block  5
call   11 returned 1
    $$$$$:   29-block  6
call   12 never executed
    $$$$$:   29-block  7
    $$$$$:   29-block  8
    $$$$$:   29-block  9
call   13 never executed
    $$$$$:   29-block 10
    $$$$$:   29-block 11
    $$$$$:   29-block 12
branch 14 never executed (fallthrough)
branch 15 never executed
    $$$$$:   29-block 13
call   16 never executed
        1:   30:    Transaction* transaction_ = new Transaction(client_,painting_,0);
        1:   30-block  0
call    0 returned 1
call    1 returned 1
        1:   31:    bank.processTransaction(transaction_);
call    0 returned 1
       1*:   32:    EXPECT_EQ(bank.getTotalRevenue(), 20);
call    0 returned 1
branch  1 taken 1 (fallthrough)
branch  2 taken 0 (throw)
        1:   32-block  0
call    3 returned 1
branch  4 taken 1 (fallthrough)
branch  5 taken 0 (throw)
        1:   32-block  1
call    6 returned 1
branch  7 taken 0 (fallthrough)
branch  8 taken 1
    %%%%%:   32-block  2
call    9 never executed
branch 10 never executed (fallthrough)
branch 11 never executed (throw)
    %%%%%:   32-block  3
call   12 never executed
call   13 never executed
branch 14 never executed (fallthrough)
branch 15 never executed (throw)
    %%%%%:   32-block  4
call   16 never executed
branch 17 never executed (fallthrough)
branch 18 never executed (throw)
    %%%%%:   32-block  5
call   19 never executed
call   20 never executed
        1:   32-block  6
call   21 returned 1
    $$$$$:   32-block  7
    $$$$$:   32-block  8
    $$$$$:   32-block  9
call   22 never executed
    $$$$$:   32-block 10
    $$$$$:   32-block 11
call   23 never executed
    $$$$$:   32-block 12
    $$$$$:   32-block 13
call   24 never executed
        1:   33:}
------------------
        -:   34:
        4:   35:TEST_F(BankTest, MultipleTransactions) {
        4:   36:    Artist* artist_ = new Artist("Van Gog","try killed hi,self");
        2:   37:    Category* category_ = new Category("post-impressionism");
        6:   38:    Client* client_ = new Client("Maksim","@example.com","1111");
        4:   39:    Painting* painting_ = new Painting("Starry Night",artist_,"post-impressionism",10000,category_);
        1:   40:    TransactionMock transaction1(client_, painting_, 10000);
        1:   41:    bank.processTransaction(&transaction1);
        -:   42:
       1*:   43:    EXPECT_EQ(bank.getTotalRevenue(), 10020); // 100 + 50 = 150
        1:   44:}
------------------
_ZN34BankTest_MultipleTransactions_TestC2Ev:
function _ZN34BankTest_MultipleTransactions_TestC2Ev called 1 returned 100% blocks executed 100%
        1:   35:TEST_F(BankTest, MultipleTransactions) {
        1:   35-block  0
call    0 returned 1
------------------
_ZN34BankTest_MultipleTransactions_TestD0Ev:
function _ZN34BankTest_MultipleTransactions_TestD0Ev called 1 returned 100% blocks executed 100%
        1:   35:TEST_F(BankTest, MultipleTransactions) {
        1:   35-block  0
call    0 returned 1
call    1 returned 1
------------------
_ZN34BankTest_MultipleTransactions_TestD2Ev:
function _ZN34BankTest_MultipleTransactions_TestD2Ev called 1 returned 100% blocks executed 100%
        1:   35:TEST_F(BankTest, MultipleTransactions) {
        1:   35-block  0
call    0 returned 1
------------------
_ZN34BankTest_MultipleTransactions_Test8TestBodyEv:
function _ZN34BankTest_MultipleTransactions_Test8TestBodyEv called 1 returned 100% blocks executed 42%
        1:   35:TEST_F(BankTest, MultipleTransactions) {
        4:   36:    Artist* artist_ = new Artist("Van Gog","try killed hi,self");
        1:   36-block  0
call    0 returned 1
branch  1 taken 1 (fallthrough)
branch  2 taken 0 (throw)
        1:   36-block  1
        1:   36-block  2
call    3 returned 1
branch  4 taken 1 (fallthrough)
branch  5 taken 0 (throw)
        1:   36-block  3
call    6 returned 1
branch  7 taken 1 (fallthrough)
branch  8 taken 0 (throw)
        1:   36-block  4
call    9 returned 1
branch 10 taken 1 (fallthrough)
branch 11 taken 0 (throw)
        1:   36-block  5
call   12 returned 1
        1:   36-block  6
call   13 returned 1
    $$$$$:   36-block  7
call   14 never executed
    $$$$$:   36-block  8
    $$$$$:   36-block  9
    $$$$$:   36-block 10
call   15 never executed
    $$$$$:   36-block 11
    $$$$$:   36-block 12
    $$$$$:   36-block 13
branch 16 never executed (fallthrough)
branch 17 never executed
    $$$$$:   36-block 14
call   18 never executed
        2:   37:    Category* category_ = new Category("post-impressionism");
        1:   37-block  0
call    0 returned 1
branch  1 taken 1 (fallthrough)
branch  2 taken 0 (throw)
        1:   37-block  1
        1:   37-block  2
call    3 returned 1
branch  4 taken 1 (fallthrough)
branch  5 taken 0 (throw)
        1:   37-block  3
call    6 returned 1
branch  7 taken 1 (fallthrough)
branch  8 taken 0 (throw)
        1:   37-block  4
call    9 returned 1
    $$$$$:   37-block  5
call   10 never executed
    $$$$$:   37-block  6
    $$$$$:   37-block  7
    $$$$$:   37-block  8
branch 11 never executed (fallthrough)
branch 12 never executed
    $$$$$:   37-block  9
call   13 never executed
        6:   38:    Client* client_ = new Client("Maksim","@example.com","1111");
        1:   38-block  0
call    0 returned 1
branch  1 taken 1 (fallthrough)
branch  2 taken 0 (throw)
        1:   38-block  1
        1:   38-block  2
call    3 returned 1
branch  4 taken 1 (fallthrough)
branch  5 taken 0 (throw)
        1:   38-block  3
call    6 returned 1
branch  7 taken 1 (fallthrough)
branch  8 taken 0 (throw)
        1:   38-block  4
call    9 returned 1
branch 10 taken 1 (fallthrough)
branch 11 taken 0 (throw)
        1:   38-block  5
call   12 returned 1
branch 13 taken 1 (fallthrough)
branch 14 taken 0 (throw)
        1:   38-block  6
call   15 returned 1
        1:   38-block  7
call   16 returned 1
        1:   38-block  8
call   17 returned 1
    $$$$$:   38-block  9
call   18 never executed
    $$$$$:   38-block 10
    $$$$$:   38-block 11
    $$$$$:   38-block 12
call   19 never executed
    $$$$$:   38-block 13
    $$$$$:   38-block 14
    $$$$$:   38-block 15
call   20 never executed
    $$$$$:   38-block 16
    $$$$$:   38-block 17
    $$$$$:   38-block 18
branch 21 never executed (fallthrough)
branch 22 never executed
    $$$$$:   38-block 19
call   23 never executed
        4:   39:    Painting* painting_ = new Painting("Starry Night",artist_,"post-impressionism",10000,category_);
        1:   39-block  0
call    0 returned 1
branch  1 taken 1 (fallthrough)
branch  2 taken 0 (throw)
        1:   39-block  1
        1:   39-block  2
call    3 returned 1
branch  4 taken 1 (fallthrough)
branch  5 taken 0 (throw)
        1:   39-block  3
call    6 returned 1
branch  7 taken 1 (fallthrough)
branch  8 taken 0 (throw)
        1:   39-block  4
call    9 returned 1
branch 10 taken 1 (fallthrough)
branch 11 taken 0 (throw)
        1:   39-block  5
call   12 returned 1
        1:   39-block  6
call   13 returned 1
    $$$$$:   39-block  7
call   14 never executed
    $$$$$:   39-block  8
    $$$$$:   39-block  9
    $$$$$:   39-block 10
call   15 never executed
    $$$$$:   39-block 11
    $$$$$:   39-block 12
    $$$$$:   39-block 13
branch 16 never executed (fallthrough)
branch 17 never executed
    $$$$$:   39-block 14
call   18 never executed
        1:   40:    TransactionMock transaction1(client_, painting_, 10000);
        1:   40-block  0
call    0 returned 1
        1:   41:    bank.processTransaction(&transaction1);
call    0 returned 1
branch  1 taken 1 (fallthrough)
branch  2 taken 0 (throw)
        -:   42:
       1*:   43:    EXPECT_EQ(bank.getTotalRevenue(), 10020); // 100 + 50 = 150
        1:   43-block  0
call    0 returned 1
branch  1 taken 1 (fallthrough)
branch  2 taken 0 (throw)
        1:   43-block  1
call    3 returned 1
branch  4 taken 1 (fallthrough)
branch  5 taken 0 (throw)
        1:   43-block  2
call    6 returned 1
branch  7 taken 0 (fallthrough)
branch  8 taken 1
    %%%%%:   43-block  3
call    9 never executed
branch 10 never executed (fallthrough)
branch 11 never executed (throw)
    %%%%%:   43-block  4
call   12 never executed
call   13 never executed
branch 14 never executed (fallthrough)
branch 15 never executed (throw)
    %%%%%:   43-block  5
call   16 never executed
branch 17 never executed (fallthrough)
branch 18 never executed (throw)
    %%%%%:   43-block  6
call   19 never executed
call   20 never executed
        1:   43-block  7
call   21 returned 1
    $$$$$:   43-block  8
    $$$$$:   43-block  9
    $$$$$:   43-block 10
call   22 never executed
    $$$$$:   43-block 11
    $$$$$:   43-block 12
call   23 never executed
    $$$$$:   43-block 13
    $$$$$:   43-block 14
call   24 never executed
        1:   44:}
------------------
        -:   45:
        -:   46:
        4:   47:TEST_F(BankTest, NoTransactions) {
       1*:   48:    EXPECT_EQ(bank.getTotalRevenue(), 20.0);
        1:   49:}
------------------
_ZN28BankTest_NoTransactions_TestC2Ev:
function _ZN28BankTest_NoTransactions_TestC2Ev called 1 returned 100% blocks executed 100%
        1:   47:TEST_F(BankTest, NoTransactions) {
        1:   47-block  0
call    0 returned 1
------------------
_ZN28BankTest_NoTransactions_TestD0Ev:
function _ZN28BankTest_NoTransactions_TestD0Ev called 1 returned 100% blocks executed 100%
        1:   47:TEST_F(BankTest, NoTransactions) {
        1:   47-block  0
call    0 returned 1
call    1 returned 1
------------------
_ZN28BankTest_NoTransactions_TestD2Ev:
function _ZN28BankTest_NoTransactions_TestD2Ev called 1 returned 100% blocks executed 100%
        1:   47:TEST_F(BankTest, NoTransactions) {
        1:   47-block  0
call    0 returned 1
------------------
_ZN28BankTest_NoTransactions_Test8TestBodyEv:
function _ZN28BankTest_NoTransactions_Test8TestBodyEv called 1 returned 100% blocks executed 29%
        1:   47:TEST_F(BankTest, NoTransactions) {
       1*:   48:    EXPECT_EQ(bank.getTotalRevenue(), 20.0);
        1:   48-block  0
call    0 returned 1
branch  1 taken 1 (fallthrough)
branch  2 taken 0 (throw)
        1:   48-block  1
call    3 returned 1
branch  4 taken 1 (fallthrough)
branch  5 taken 0 (throw)
        1:   48-block  2
call    6 returned 1
branch  7 taken 0 (fallthrough)
branch  8 taken 1
    %%%%%:   48-block  3
call    9 never executed
branch 10 never executed (fallthrough)
branch 11 never executed (throw)
    %%%%%:   48-block  4
call   12 never executed
call   13 never executed
branch 14 never executed (fallthrough)
branch 15 never executed (throw)
    %%%%%:   48-block  5
call   16 never executed
branch 17 never executed (fallthrough)
branch 18 never executed (throw)
    %%%%%:   48-block  6
call   19 never executed
call   20 never executed
        1:   48-block  7
call   21 returned 1
    $$$$$:   48-block  8
    $$$$$:   48-block  9
    $$$$$:   48-block 10
call   22 never executed
    $$$$$:   48-block 11
    $$$$$:   48-block 12
call   23 never executed
    $$$$$:   48-block 13
    $$$$$:   48-block 14
call   24 never executed
        1:   49:}
------------------
        -:   50:
        -:   51:
        -:   52:
