        -:    0:Source:/home/dstrunetss/Desktop/PPOIS/sem_1/lab_2/cmake-build-debug/Transaction.h
        -:    0:Graph:/home/dstrunetss/Desktop/PPOIS/sem_1/lab_2/cmake-build-debug-coverage/CMakeFiles/lab_2.dir/Testing/BankTest.cpp.gcno
        -:    0:Data:/home/dstrunetss/Desktop/PPOIS/sem_1/lab_2/cmake-build-debug-coverage/CMakeFiles/lab_2.dir/Testing/BankTest.cpp.gcda
        -:    0:Runs:1
        -:    1:#ifndef TRANSACTION_H
        -:    2:#define TRANSACTION_H
        -:    3:
        -:    4:
        -:    5:#include "Client.h"
        -:    6:#include "Painting.h"
        -:    7:
        -:    8:
        -:    9:class Transaction {
        -:   10:public:
function _ZN11TransactionC2EP6ClientP8Paintingd called 0 returned 0% blocks executed 0%
    #####:   11:  Transaction(Client* client, Painting* painting, const double amount): client_(client), painting_(painting), amount_(amount) {};
        -:   12:  void process()const;
        -:   13:  double getAmount()const;
        -:   14:private:
        -:   15:  Client* client_;
        -:   16:  Painting* painting_;
        -:   17:  double amount_;
        -:   18:};
        -:   19:
        -:   20:
        -:   21:
        -:   22:
        -:   23:#endif //TRANSACTION_H
