        -:    0:Source:/home/dstrunetss/Desktop/PPOIS/sem_1/lab_2/Testing/CategoryTest.cpp
        -:    0:Graph:/home/dstrunetss/Desktop/PPOIS/sem_1/lab_2/cmake-build-debug-coverage/CMakeFiles/lab_2.dir/Testing/CategoryTest.cpp.gcno
        -:    0:Data:/home/dstrunetss/Desktop/PPOIS/sem_1/lab_2/cmake-build-debug-coverage/CMakeFiles/lab_2.dir/Testing/CategoryTest.cpp.gcda
        -:    0:Runs:1
        -:    1:#include "../cmake-build-debug/Category.h"
        -:    2:#include "gtest/gtest.h"
        -:    3:
        -:    4:
        -:    5:class CategoryTest : public ::testing::Test {
        -:    6:protected:
        -:    7:    Category* category;
        -:    8:
function _ZN12CategoryTest5SetUpEv called 2 returned 100% blocks executed 53%
        2:    9:    void SetUp() override {
        4:   10:        category = new Category("Art");
        2:   10-block  0
call    0 returned 2
        2:   10-block  1
call    1 returned 2
branch  2 taken 2 (fallthrough)
branch  3 taken 0 (throw)
        2:   10-block  2
call    4 returned 2
branch  5 taken 2 (fallthrough)
branch  6 taken 0 (throw)
        2:   10-block  3
call    7 returned 2
    $$$$$:   10-block  4
call    8 never executed
    $$$$$:   10-block  5
    $$$$$:   10-block  6
    $$$$$:   10-block  7
branch  9 never executed (fallthrough)
branch 10 never executed
    $$$$$:   10-block  8
call   11 never executed
        2:   11:    }
        2:   11-block  0
        -:   12:
function _ZN12CategoryTest8TearDownEv called 2 returned 100% blocks executed 100%
        2:   13:    void TearDown() override {
        2:   14:        delete category;
        2:   14-block  0
branch  0 taken 2 (fallthrough)
branch  1 taken 0
        2:   14-block  1
call    2 returned 2
call    3 returned 2
        2:   15:    }
        -:   16:};
        -:   17:
        -:   18:
        4:   19:TEST_F(CategoryTest, GetCategoryName) {
       1*:   20:    EXPECT_EQ(category->getCategoryName(), "Art");
        1:   21:}
------------------
_ZN33CategoryTest_GetCategoryName_TestC2Ev:
function _ZN33CategoryTest_GetCategoryName_TestC2Ev called 1 returned 100% blocks executed 100%
        1:   19:TEST_F(CategoryTest, GetCategoryName) {
        1:   19-block  0
call    0 returned 1
------------------
_ZN33CategoryTest_GetCategoryName_TestD0Ev:
function _ZN33CategoryTest_GetCategoryName_TestD0Ev called 1 returned 100% blocks executed 100%
        1:   19:TEST_F(CategoryTest, GetCategoryName) {
        1:   19-block  0
call    0 returned 1
call    1 returned 1
------------------
_ZN33CategoryTest_GetCategoryName_TestD2Ev:
function _ZN33CategoryTest_GetCategoryName_TestD2Ev called 1 returned 100% blocks executed 100%
        1:   19:TEST_F(CategoryTest, GetCategoryName) {
        1:   19-block  0
call    0 returned 1
------------------
_ZN33CategoryTest_GetCategoryName_Test8TestBodyEv:
function _ZN33CategoryTest_GetCategoryName_Test8TestBodyEv called 1 returned 100% blocks executed 31%
        1:   19:TEST_F(CategoryTest, GetCategoryName) {
       1*:   20:    EXPECT_EQ(category->getCategoryName(), "Art");
        1:   20-block  0
call    0 returned 1
branch  1 taken 1 (fallthrough)
branch  2 taken 0 (throw)
        1:   20-block  1
call    3 returned 1
branch  4 taken 1 (fallthrough)
branch  5 taken 0 (throw)
        1:   20-block  2
call    6 returned 1
call    7 returned 1
branch  8 taken 0 (fallthrough)
branch  9 taken 1
    %%%%%:   20-block  3
call   10 never executed
branch 11 never executed (fallthrough)
branch 12 never executed (throw)
    %%%%%:   20-block  4
call   13 never executed
call   14 never executed
branch 15 never executed (fallthrough)
branch 16 never executed (throw)
    %%%%%:   20-block  5
call   17 never executed
branch 18 never executed (fallthrough)
branch 19 never executed (throw)
    %%%%%:   20-block  6
call   20 never executed
call   21 never executed
        1:   20-block  7
call   22 returned 1
    $$$$$:   20-block  8
call   23 never executed
    $$$$$:   20-block  9
    $$$$$:   20-block 10
call   24 never executed
    $$$$$:   20-block 11
    $$$$$:   20-block 12
call   25 never executed
    $$$$$:   20-block 13
    $$$$$:   20-block 14
call   26 never executed
        1:   21:}
------------------
        -:   22:
        4:   23:TEST_F(CategoryTest, EmptyCategoryName) {
        1:   24:    Category emptyCategory("");
       1*:   25:    EXPECT_EQ(emptyCategory.getCategoryName(), "");
        1:   26:}
------------------
_ZN35CategoryTest_EmptyCategoryName_TestC2Ev:
function _ZN35CategoryTest_EmptyCategoryName_TestC2Ev called 1 returned 100% blocks executed 100%
        1:   23:TEST_F(CategoryTest, EmptyCategoryName) {
        1:   23-block  0
call    0 returned 1
------------------
_ZN35CategoryTest_EmptyCategoryName_TestD0Ev:
function _ZN35CategoryTest_EmptyCategoryName_TestD0Ev called 1 returned 100% blocks executed 100%
        1:   23:TEST_F(CategoryTest, EmptyCategoryName) {
        1:   23-block  0
call    0 returned 1
call    1 returned 1
------------------
_ZN35CategoryTest_EmptyCategoryName_TestD2Ev:
function _ZN35CategoryTest_EmptyCategoryName_TestD2Ev called 1 returned 100% blocks executed 100%
        1:   23:TEST_F(CategoryTest, EmptyCategoryName) {
        1:   23-block  0
call    0 returned 1
------------------
_ZN35CategoryTest_EmptyCategoryName_Test8TestBodyEv:
function _ZN35CategoryTest_EmptyCategoryName_Test8TestBodyEv called 1 returned 100% blocks executed 36%
        1:   23:TEST_F(CategoryTest, EmptyCategoryName) {
        1:   23-block  0
        1:   24:    Category emptyCategory("");
        1:   24-block  0
call    0 returned 1
branch  1 taken 1 (fallthrough)
branch  2 taken 0 (throw)
        1:   24-block  1
call    3 returned 1
branch  4 taken 1 (fallthrough)
branch  5 taken 0 (throw)
        1:   24-block  2
call    6 returned 1
    $$$$$:   24-block  3
call    7 never executed
    $$$$$:   24-block  4
    $$$$$:   24-block  5
       1*:   25:    EXPECT_EQ(emptyCategory.getCategoryName(), "");
        1:   25-block  0
call    0 returned 1
branch  1 taken 1 (fallthrough)
branch  2 taken 0 (throw)
        1:   25-block  1
call    3 returned 1
branch  4 taken 1 (fallthrough)
branch  5 taken 0 (throw)
        1:   25-block  2
call    6 returned 1
call    7 returned 1
branch  8 taken 0 (fallthrough)
branch  9 taken 1
    %%%%%:   25-block  3
call   10 never executed
branch 11 never executed (fallthrough)
branch 12 never executed (throw)
    %%%%%:   25-block  4
call   13 never executed
call   14 never executed
branch 15 never executed (fallthrough)
branch 16 never executed (throw)
    %%%%%:   25-block  5
call   17 never executed
branch 18 never executed (fallthrough)
branch 19 never executed (throw)
    %%%%%:   25-block  6
call   20 never executed
call   21 never executed
        1:   25-block  7
call   22 returned 1
    $$$$$:   25-block  8
call   23 never executed
    $$$$$:   25-block  9
    $$$$$:   25-block 10
call   24 never executed
    $$$$$:   25-block 11
    $$$$$:   25-block 12
call   25 never executed
    $$$$$:   25-block 13
    $$$$$:   25-block 14
call   26 never executed
        1:   26:}
call    0 returned 1
    $$$$$:   26-block  0
call    1 never executed
------------------
        -:   27:
        -:   28:
