        -:    0:Source:/home/dstrunetss/Desktop/PPOIS/sem_1/lab_2/cmake-build-debug/Category.h
        -:    0:Graph:/home/dstrunetss/Desktop/PPOIS/sem_1/lab_2/cmake-build-debug-coverage/CMakeFiles/lab_2.dir/Testing/CategoryTest.cpp.gcno
        -:    0:Data:/home/dstrunetss/Desktop/PPOIS/sem_1/lab_2/cmake-build-debug-coverage/CMakeFiles/lab_2.dir/Testing/CategoryTest.cpp.gcda
        -:    0:Runs:1
        -:    1:#ifndef CATEGORY_H
        -:    2:#define CATEGORY_H
        -:    3:
        -:    4:
        -:    5:#include "libraries.h"
        -:    6:
        -:    7:
        -:    8:class Category {
        -:    9:public:
function _ZN8CategoryC2ERKNSt7__cxx1112basic_stringIcSt11char_traitsIcESaIcEEE called 0 returned 0% blocks executed 0%
    #####:   10:  explicit Category(const string& categoryName):categoryName_(categoryName){};
    %%%%%:   10-block  0
call    0 never executed
        -:   11:  string getCategoryName() const;
        -:   12:private:
        -:   13:  string categoryName_;
        -:   14:};
        -:   15:#endif //CATEGORY_H
