        -:    0:Source:/home/dstrunetss/Desktop/PPOIS/sem_1/lab_2/cmake-build-debug/Client.cpp
        -:    0:Graph:/home/dstrunetss/Desktop/PPOIS/sem_1/lab_2/cmake-build-debug-coverage/CMakeFiles/lab_2.dir/cmake-build-debug/Client.cpp.gcno
        -:    0:Data:/home/dstrunetss/Desktop/PPOIS/sem_1/lab_2/cmake-build-debug-coverage/CMakeFiles/lab_2.dir/cmake-build-debug/Client.cpp.gcda
        -:    0:Runs:1
        -:    1:#include "includes.h"
        -:    2:
function _ZNK6Client8getEmailB5cxx11Ev called 4 returned 100% blocks executed 100%
        4:    3:string  Client::getEmail()const {
        4:    4:  return email_;
        4:    4-block  0
call    0 returned 4
        -:    5:}
function _ZNK6Client11getPasswordB5cxx11Ev called 4 returned 100% blocks executed 100%
        4:    6:string  Client::getPassword()const {
        4:    7:  return password_;
        4:    7-block  0
call    0 returned 4
        -:    8:}
function _ZNK6Client8showInfoEv called 3 returned 100% blocks executed 68%
        3:    9:void Client::showInfo()const {
        3:   10:    cout<<"Name: "<<getName()<<"\n";
        3:   10-block  0
call    0 returned 3
call    1 returned 3
branch  2 taken 3 (fallthrough)
branch  3 taken 0 (throw)
        3:   10-block  1
call    4 returned 3
branch  5 taken 3 (fallthrough)
branch  6 taken 0 (throw)
        3:   10-block  2
call    7 returned 3
branch  8 taken 3 (fallthrough)
branch  9 taken 0 (throw)
        3:   10-block  3
call   10 returned 3
    $$$$$:   10-block  4
call   11 never executed
    $$$$$:   10-block  5
call   12 never executed
        3:   11:    cout<<"Email: "<<getEmail()<<"\n";
call    0 returned 3
call    1 returned 3
branch  2 taken 3 (fallthrough)
branch  3 taken 0 (throw)
        3:   11-block  0
call    4 returned 3
branch  5 taken 3 (fallthrough)
branch  6 taken 0 (throw)
        3:   11-block  1
call    7 returned 3
branch  8 taken 3 (fallthrough)
branch  9 taken 0 (throw)
        3:   11-block  2
call   10 returned 3
    $$$$$:   11-block  3
call   11 never executed
    $$$$$:   11-block  4
call   12 never executed
        3:   12:    cout<<"Password: "<<getPassword()<<"\n";
call    0 returned 3
call    1 returned 3
branch  2 taken 3 (fallthrough)
branch  3 taken 0 (throw)
        3:   12-block  0
call    4 returned 3
branch  5 taken 3 (fallthrough)
branch  6 taken 0 (throw)
        3:   12-block  1
call    7 returned 3
branch  8 taken 3 (fallthrough)
branch  9 taken 0 (throw)
        3:   12-block  2
call   10 returned 3
    $$$$$:   12-block  3
call   11 never executed
        3:   13:}
        -:   14:
function _ZNK6Client13checkPasswordERNSt7__cxx1112basic_stringIcSt11char_traitsIcESaIcEEE called 0 returned 0% blocks executed 0%
    #####:   15:bool Client::checkPassword(string& inputPassword) const  {
    #####:   16:    return password_ == inputPassword;
    %%%%%:   16-block  0
call    0 never executed
        -:   17:}
