        -:    0:Source:/home/dstrunetss/Desktop/PPOIS/sem_1/lab_2/Testing/CuratorTest.cpp
        -:    0:Graph:/home/dstrunetss/Desktop/PPOIS/sem_1/lab_2/cmake-build-debug-coverage/CMakeFiles/lab_2.dir/Testing/CuratorTest.cpp.gcno
        -:    0:Data:/home/dstrunetss/Desktop/PPOIS/sem_1/lab_2/cmake-build-debug-coverage/CMakeFiles/lab_2.dir/Testing/CuratorTest.cpp.gcda
        -:    0:Runs:1
        -:    1:#include "gtest/gtest.h"
        -:    2:#include "../cmake-build-debug/Curator.h"
        -:    3:#include <memory>
        -:    4:#include <string>
        -:    5:
        -:    6:class CuratorTest : public ::testing::Test {
        -:    7:protected:
        -:    8:    Curator* curator = new Curator("Kirill", "10:00");
        -:    9:};
        -:   10:
        4:   11:TEST_F(CuratorTest, WorkMethodOutputsCorrectMessage) {
        1:   12:    testing::internal::CaptureStdout();
        1:   13:    curator->work();
        1:   14:    std::string output = testing::internal::GetCapturedStdout();
        1:   15:    std::string expected = "Curator Kirill arrived in 10:00 and work.\n";
       1*:   16:    EXPECT_EQ(output, expected);
        1:   17:}
------------------
_ZN48CuratorTest_WorkMethodOutputsCorrectMessage_TestC2Ev:
function _ZN48CuratorTest_WorkMethodOutputsCorrectMessage_TestC2Ev called 1 returned 100% blocks executed 100%
        1:   11:TEST_F(CuratorTest, WorkMethodOutputsCorrectMessage) {
        1:   11-block  0
call    0 returned 1
------------------
_ZN48CuratorTest_WorkMethodOutputsCorrectMessage_TestD0Ev:
function _ZN48CuratorTest_WorkMethodOutputsCorrectMessage_TestD0Ev called 1 returned 100% blocks executed 100%
        1:   11:TEST_F(CuratorTest, WorkMethodOutputsCorrectMessage) {
        1:   11-block  0
call    0 returned 1
call    1 returned 1
------------------
_ZN48CuratorTest_WorkMethodOutputsCorrectMessage_TestD2Ev:
function _ZN48CuratorTest_WorkMethodOutputsCorrectMessage_TestD2Ev called 1 returned 100% blocks executed 100%
        1:   11:TEST_F(CuratorTest, WorkMethodOutputsCorrectMessage) {
        1:   11-block  0
call    0 returned 1
------------------
_ZN48CuratorTest_WorkMethodOutputsCorrectMessage_Test8TestBodyEv:
function _ZN48CuratorTest_WorkMethodOutputsCorrectMessage_Test8TestBodyEv called 1 returned 100% blocks executed 39%
        1:   11:TEST_F(CuratorTest, WorkMethodOutputsCorrectMessage) {
        1:   12:    testing::internal::CaptureStdout();
        1:   12-block  0
call    0 returned 1
branch  1 taken 1 (fallthrough)
branch  2 taken 0 (throw)
        1:   13:    curator->work();
        1:   13-block  0
call    0 returned 1
branch  1 taken 1 (fallthrough)
branch  2 taken 0 (throw)
        1:   14:    std::string output = testing::internal::GetCapturedStdout();
        1:   14-block  0
call    0 returned 1
branch  1 taken 1 (fallthrough)
branch  2 taken 0 (throw)
        1:   15:    std::string expected = "Curator Kirill arrived in 10:00 and work.\n";
        1:   15-block  0
call    0 returned 1
branch  1 taken 1 (fallthrough)
branch  2 taken 0 (throw)
    $$$$$:   15-block  1
       1*:   16:    EXPECT_EQ(output, expected);
        1:   16-block  0
call    0 returned 1
branch  1 taken 1 (fallthrough)
branch  2 taken 0 (throw)
        1:   16-block  1
call    3 returned 1
branch  4 taken 0 (fallthrough)
branch  5 taken 1
    %%%%%:   16-block  2
call    6 never executed
branch  7 never executed (fallthrough)
branch  8 never executed (throw)
    %%%%%:   16-block  3
call    9 never executed
call   10 never executed
branch 11 never executed (fallthrough)
branch 12 never executed (throw)
    %%%%%:   16-block  4
call   13 never executed
branch 14 never executed (fallthrough)
branch 15 never executed (throw)
    %%%%%:   16-block  5
call   16 never executed
call   17 never executed
        1:   16-block  6
call   18 returned 1
    $$$$$:   16-block  7
call   19 never executed
    $$$$$:   16-block  8
    $$$$$:   16-block  9
call   20 never executed
    $$$$$:   16-block 10
    $$$$$:   16-block 11
call   21 never executed
        1:   17:}
call    0 returned 1
call    1 returned 1
    $$$$$:   17-block  0
call    2 never executed
    $$$$$:   17-block  1
call    3 never executed
------------------
