        -:    0:Source:/home/dstrunetss/Desktop/PPOIS/sem_1/lab_2/cmake-build-debug/Event.cpp
        -:    0:Graph:/home/dstrunetss/Desktop/PPOIS/sem_1/lab_2/cmake-build-debug-coverage/CMakeFiles/lab_2.dir/cmake-build-debug/Event.cpp.gcno
        -:    0:Data:/home/dstrunetss/Desktop/PPOIS/sem_1/lab_2/cmake-build-debug-coverage/CMakeFiles/lab_2.dir/cmake-build-debug/Event.cpp.gcda
        -:    0:Runs:1
        -:    1:#include "Event.h"
        -:    2:
        -:    3:int Event::lastId_ = 0;
function _ZNK5Event5getIdEv called 4 returned 100% blocks executed 100%
        4:    4:int Event::getId()const {
        4:    5:  return id_;
        4:    5-block  0
        -:    6:}
        -:    7:
function _ZNK5Event7getNameB5cxx11Ev called 5 returned 100% blocks executed 100%
        5:    8:string Event::getName()const {
        5:    9:  return name_;
        5:    9-block  0
call    0 returned 5
        -:   10:}
        -:   11:
function _ZNK5Event7getDateB5cxx11Ev called 4 returned 100% blocks executed 100%
        4:   12:string Event::getDate()const {
        4:   13:  return date_;
        4:   13-block  0
call    0 returned 4
        -:   14:}
function _ZNK5Event8showInfoEv called 3 returned 100% blocks executed 76%
        3:   15:void Event::showInfo()const {
        3:   16:  cout<<"name: " <<getName()<<", "<<" date:  " << getDate()<<", "<<" id:  " << getId() << endl;
        3:   16-block  0
call    0 returned 3
call    1 returned 3
branch  2 taken 3 (fallthrough)
branch  3 taken 0 (throw)
        3:   16-block  1
call    4 returned 3
branch  5 taken 3 (fallthrough)
branch  6 taken 0 (throw)
        3:   16-block  2
call    7 returned 3
branch  8 taken 3 (fallthrough)
branch  9 taken 0 (throw)
        3:   16-block  3
call   10 returned 3
branch 11 taken 3 (fallthrough)
branch 12 taken 0 (throw)
        3:   16-block  4
call   13 returned 3
branch 14 taken 3 (fallthrough)
branch 15 taken 0 (throw)
        3:   16-block  5
call   16 returned 3
branch 17 taken 3 (fallthrough)
branch 18 taken 0 (throw)
        3:   16-block  6
call   19 returned 3
branch 20 taken 3 (fallthrough)
branch 21 taken 0 (throw)
        3:   16-block  7
call   22 returned 3
branch 23 taken 3 (fallthrough)
branch 24 taken 0 (throw)
        3:   16-block  8
call   25 returned 3
call   26 returned 3
branch 27 taken 3 (fallthrough)
branch 28 taken 0 (throw)
        3:   16-block  9
call   29 returned 3
branch 30 taken 3 (fallthrough)
branch 31 taken 0 (throw)
        3:   16-block 10
call   32 returned 3
call   33 returned 3
    $$$$$:   16-block 11
call   34 never executed
    $$$$$:   16-block 12
    $$$$$:   16-block 13
call   35 never executed
        3:   17:}
