        -:    0:Source:/home/dstrunetss/Desktop/PPOIS/sem_1/lab_2/cmake-build-debug/Guide.cpp
        -:    0:Graph:/home/dstrunetss/Desktop/PPOIS/sem_1/lab_2/cmake-build-debug-coverage/CMakeFiles/lab_2.dir/cmake-build-debug/Guide.cpp.gcno
        -:    0:Data:/home/dstrunetss/Desktop/PPOIS/sem_1/lab_2/cmake-build-debug-coverage/CMakeFiles/lab_2.dir/cmake-build-debug/Guide.cpp.gcda
        -:    0:Runs:1
        -:    1:#include "Guide.h"
        -:    2:
function _ZNK5Guide4workEv called 0 returned 0% blocks executed 0%
    #####:    3:void Guide::work() const {
    #####:    4:    cout << "Security " << name << " arrived in " << arriveTime << endl;
    %%%%%:    4-block  0
call    0 never executed
call    1 never executed
call    2 never executed
call    3 never executed
call    4 never executed
    #####:    5:}
        -:    6:
function _ZNK5Guide18listScheduledToursEv called 0 returned 0% blocks executed 0%
    #####:    7:void Guide::listScheduledTours() const {
    #####:    8:    if (tours_.empty()) {
    %%%%%:    8-block  0
call    0 never executed
branch  1 never executed (fallthrough)
branch  2 never executed
    #####:    9:        cout << "No scheduled tours." << endl;
    %%%%%:    9-block  0
call    0 never executed
call    1 never executed
    #####:   10:        return;
        -:   11:    }
        -:   12:
    #####:   13:    cout << "Scheduled Tours:" << endl;
    %%%%%:   13-block  0
call    0 never executed
call    1 never executed
    #####:   14:    for (const auto& tour : tours_) {
call    0 never executed
call    1 never executed
    %%%%%:   14-block  0
call    2 never executed
    %%%%%:   14-block  1
call    3 never executed
branch  4 never executed
branch  5 never executed (fallthrough)
    #####:   15:        cout << " - " << tour->getName() << " at " << tour->getDateTime() << endl;
call    0 never executed
branch  1 never executed (fallthrough)
branch  2 never executed (throw)
    %%%%%:   15-block  0
call    3 never executed
branch  4 never executed (fallthrough)
branch  5 never executed (throw)
    %%%%%:   15-block  1
call    6 never executed
branch  7 never executed (fallthrough)
branch  8 never executed (throw)
    %%%%%:   15-block  2
call    9 never executed
branch 10 never executed (fallthrough)
branch 11 never executed (throw)
    %%%%%:   15-block  3
call   12 never executed
branch 13 never executed (fallthrough)
branch 14 never executed (throw)
    %%%%%:   15-block  4
call   15 never executed
branch 16 never executed (fallthrough)
branch 17 never executed (throw)
    %%%%%:   15-block  5
call   18 never executed
branch 19 never executed (fallthrough)
branch 20 never executed (throw)
    %%%%%:   15-block  6
call   21 never executed
call   22 never executed
call   23 never executed
    $$$$$:   15-block  7
call   24 never executed
    $$$$$:   15-block  8
    $$$$$:   15-block  9
call   25 never executed
    $$$$$:   15-block 10
        -:   16:    }
        -:   17:}
        -:   18:
function _ZNK5Guide12greetClientsEv called 0 returned 0% blocks executed 0%
    #####:   19:void Guide::greetClients() const {
    #####:   20:    cout << "Welcome to the tour! I'm your guide, " << getName() << "." << endl;
    %%%%%:   20-block  0
call    0 never executed
call    1 never executed
branch  2 never executed (fallthrough)
branch  3 never executed (throw)
    %%%%%:   20-block  1
call    4 never executed
branch  5 never executed (fallthrough)
branch  6 never executed (throw)
    %%%%%:   20-block  2
call    7 never executed
branch  8 never executed (fallthrough)
branch  9 never executed (throw)
    %%%%%:   20-block  3
call   10 never executed
branch 11 never executed (fallthrough)
branch 12 never executed (throw)
    %%%%%:   20-block  4
call   13 never executed
    $$$$$:   20-block  5
call   14 never executed
    #####:   21:}
        -:   22:
function _ZN5Guide15provideFeedbackERKNSt7__cxx1112basic_stringIcSt11char_traitsIcESaIcEEE called 0 returned 0% blocks executed 0%
    #####:   23:void Guide::provideFeedback(const string& feedback) {
    #####:   24:    feedbacks_.push_back(feedback);
    %%%%%:   24-block  0
call    0 never executed
    #####:   25:    cout << "Feedback received: " << feedback << endl;
call    0 never executed
call    1 never executed
call    2 never executed
    #####:   26:}
        -:   27:
function _ZNK5Guide13showGuideInfoEv called 0 returned 0% blocks executed 0%
    #####:   28:void Guide::showGuideInfo() const {
    #####:   29:    cout << "Guide Name: " << getName() << endl;
    %%%%%:   29-block  0
call    0 never executed
call    1 never executed
branch  2 never executed (fallthrough)
branch  3 never executed (throw)
    %%%%%:   29-block  1
call    4 never executed
branch  5 never executed (fallthrough)
branch  6 never executed (throw)
    %%%%%:   29-block  2
call    7 never executed
branch  8 never executed (fallthrough)
branch  9 never executed (throw)
    %%%%%:   29-block  3
call   10 never executed
    $$$$$:   29-block  4
call   11 never executed
    $$$$$:   29-block  5
call   12 never executed
    #####:   30:    cout << "Arrival Time: " << getArriveTime() << endl;
call    0 never executed
call    1 never executed
branch  2 never executed (fallthrough)
branch  3 never executed (throw)
    %%%%%:   30-block  0
call    4 never executed
branch  5 never executed (fallthrough)
branch  6 never executed (throw)
    %%%%%:   30-block  1
call    7 never executed
branch  8 never executed (fallthrough)
branch  9 never executed (throw)
    %%%%%:   30-block  2
call   10 never executed
    $$$$$:   30-block  3
call   11 never executed
    #####:   31:}
        -:   32:
function _ZNK5Guide18showAvailableToursEv called 0 returned 0% blocks executed 0%
    #####:   33:void Guide::showAvailableTours() const {
    #####:   34:    cout << "Available Tours:" << endl;
    %%%%%:   34-block  0
call    0 never executed
call    1 never executed
    #####:   35:    cout << " - City Tour" << endl;
call    0 never executed
call    1 never executed
    #####:   36:    cout << " - Historical Tour" << endl;
call    0 never executed
call    1 never executed
    #####:   37:    cout << " - Nature Tour" << endl;
call    0 never executed
call    1 never executed
    #####:   38:}
