        -:    0:Source:/home/dstrunetss/Desktop/PPOIS/sem_1/lab_2/cmake-build-debug/Administrator.h
        -:    0:Graph:/home/dstrunetss/Desktop/PPOIS/sem_1/lab_2/cmake-build-debug-coverage/CMakeFiles/lab_2.dir/cmake-build-debug/main.cpp.gcno
        -:    0:Data:/home/dstrunetss/Desktop/PPOIS/sem_1/lab_2/cmake-build-debug-coverage/CMakeFiles/lab_2.dir/cmake-build-debug/main.cpp.gcda
        -:    0:Runs:1
        -:    1:#ifndef ADMINISTRATOR_H
        -:    2:#define ADMINISTRATOR_H
        -:    3:
        -:    4:#include "Human.h"
        -:    5:#include "Employee.h"
        -:    6:
        -:    7:
        -:    8:
        -:    9:
        -:   10:class Administrator final : public Human, public Employee {
        -:   11:public:
function _ZN13AdministratorC2ENSt7__cxx1112basic_stringIcSt11char_traitsIcESaIcEEES5_ called 6 returned 100% blocks executed 53%
        6:   12:    Administrator(const string name, const string arriveTime)
        6:   13:          : Human(name), Employee(arriveTime) {}
        6:   13-block  0
call    0 returned 6
branch  1 taken 6 (fallthrough)
branch  2 taken 0 (throw)
        6:   13-block  1
call    3 returned 6
branch  4 taken 6 (fallthrough)
branch  5 taken 0 (throw)
        6:   13-block  2
call    6 returned 6
call    7 returned 6
branch  8 taken 6 (fallthrough)
branch  9 taken 0 (throw)
        6:   13-block  3
call   10 returned 6
branch 11 taken 6 (fallthrough)
branch 12 taken 0 (throw)
        6:   13-block  4
call   13 returned 6
    $$$$$:   13-block  5
call   14 never executed
    $$$$$:   13-block  6
call   15 never executed
    $$$$$:   13-block  7
call   16 never executed
    $$$$$:   13-block  8
    $$$$$:   13-block  9
call   17 never executed
        -:   14:    void work() const override;
        -:   15:
        -:   16:};
        -:   17:
        -:   18:
        -:   19:
        -:   20:#endif //ADMINISTRATOR_H
