        -:    0:Source:/home/dstrunetss/Desktop/PPOIS/sem_1/lab_2/cmake-build-debug/ArtGallery.h
        -:    0:Graph:/home/dstrunetss/Desktop/PPOIS/sem_1/lab_2/cmake-build-debug-coverage/CMakeFiles/lab_2.dir/cmake-build-debug/main.cpp.gcno
        -:    0:Data:/home/dstrunetss/Desktop/PPOIS/sem_1/lab_2/cmake-build-debug-coverage/CMakeFiles/lab_2.dir/cmake-build-debug/main.cpp.gcda
        -:    0:Runs:1
        -:    1:#ifndef ARTGALLERY_H
        -:    2:#define ARTGALLERY_H
        -:    3:
        -:    4:#include "Painting.h"
        -:    5:#include "Artist.h"
        -:    6:#include "Client.h"
        -:    7:#include "Event.h"
        -:    8:#include "Workers.h"
        -:    9:#include "libraries.h"
        -:   10:#include "Review.h"
        -:   11:
        -:   12:class ArtGallery final{
        -:   13:public:
function _ZN10ArtGalleryC2ERKNSt7__cxx1112basic_stringIcSt11char_traitsIcESaIcEEE called 14 returned 100% blocks executed 59%
       14:   14:  explicit ArtGallery(const string& name)
       14:   15:        : name_(name), workers_(new Workers()) {}
       14:   15-block  0
call    0 returned 14
call    1 returned 14
call    2 returned 14
call    3 returned 14
call    4 returned 14
branch  5 taken 14 (fallthrough)
branch  6 taken 0 (throw)
       14:   15-block  1
call    7 returned 14
call    8 returned 14
call    9 returned 14
    $$$$$:   15-block  2
call   10 never executed
    $$$$$:   15-block  3
call   11 never executed
    $$$$$:   15-block  4
call   12 never executed
    $$$$$:   15-block  5
call   13 never executed
        -:   16:  string getName() const ;
        -:   17:  void addArtist(Artist* artist);
        -:   18:  void addPainting(Painting* painting);
        -:   19:  void addClient(Client* client);
        -:   20:  void showInfo() const ;
        -:   21:  void addEvent(Event* event);
        -:   22:  void addReview(Review* review);
        -:   23:  void showWorkers(Workers* workers) const;
        -:   24:
        -:   25:
        -:   26:private:
        -:   27:  string name_;
        -:   28:  vector<Painting*> paintings_;
        -:   29:  vector<Artist*> artists_;
        -:   30:  vector<Client*> clients_;
        -:   31:  Workers* workers_;
        -:   32:  vector<Event*> events_;
        -:   33:  vector<Review*> reviews_;
        -:   34:};
        -:   35:#endif //ARTGALLERY_H
