        -:    0:Source:/home/dstrunetss/Desktop/PPOIS/sem_1/lab_2/cmake-build-debug/Review.h
        -:    0:Graph:/home/dstrunetss/Desktop/PPOIS/sem_1/lab_2/cmake-build-debug-coverage/CMakeFiles/lab_2.dir/cmake-build-debug/main.cpp.gcno
        -:    0:Data:/home/dstrunetss/Desktop/PPOIS/sem_1/lab_2/cmake-build-debug-coverage/CMakeFiles/lab_2.dir/cmake-build-debug/main.cpp.gcda
        -:    0:Runs:1
        -:    1:#ifndef REVIEW_H
        -:    2:#define REVIEW_H
        -:    3:#include "libraries.h"
        -:    4:#include "Client.h"
        -:    5:#include "Entity.h"
        -:    6:
        -:    7:class Review final : public Entity{
        -:    8:public:
function _ZN6ReviewC2EP6ClientRKNSt7__cxx1112basic_stringIcSt11char_traitsIcESaIcEEERKi called 18 returned 100% blocks executed 41%
       18:    9:    Review(Client* clientName, const string& content, const int& rating)
       18:   10:        : clientName_(clientName), content_(content), rating_(rating), date_(getCurrentDate()) {
       18:   10-block  0
call    0 returned 18
call    1 returned 18
branch  2 taken 18 (fallthrough)
branch  3 taken 0 (throw)
       18:   10-block  1
call    4 returned 18
branch  5 taken 18 (fallthrough)
branch  6 taken 0 (throw)
       18:   11:        if (rating < 1 || rating > 5) {
       18:   11-block  0
branch  0 taken 18 (fallthrough)
branch  1 taken 0
       18:   11-block  1
branch  2 taken 0 (fallthrough)
branch  3 taken 18
    #####:   12:            throw invalid_argument("Rating must be between 1 and 5.");
    %%%%%:   12-block  0
call    0 never executed
call    1 never executed
branch  2 never executed (fallthrough)
branch  3 never executed (throw)
    %%%%%:   12-block  1
call    4 never executed
    $$$$$:   12-block  2
call    5 never executed
        -:   13:        }
       18:   14:    }
       18:   14-block  0
    $$$$$:   14-block  1
call    0 never executed
    $$$$$:   14-block  2
call    1 never executed
    $$$$$:   14-block  3
call    2 never executed
        -:   15:    void showInfo() const override;
        -:   16:    string getClientName() const;
        -:   17:    string getContent() const;
        -:   18:    int getRating() const;
        -:   19:    string getDate() const;
        -:   20:private:
        -:   21:    Client* clientName_;
        -:   22:    string content_;
        -:   23:    int rating_;
        -:   24:    string date_;
        -:   25:protected:
        -:   26:    static string getCurrentDate();
        -:   27:};
        -:   28:#endif //REVIEW_H
