        -:    0:Source:/home/dstrunetss/Desktop/PPOIS/sem_1/lab_2/cmake-build-debug/Security.h
        -:    0:Graph:/home/dstrunetss/Desktop/PPOIS/sem_1/lab_2/cmake-build-debug-coverage/CMakeFiles/lab_2.dir/cmake-build-debug/main.cpp.gcno
        -:    0:Data:/home/dstrunetss/Desktop/PPOIS/sem_1/lab_2/cmake-build-debug-coverage/CMakeFiles/lab_2.dir/cmake-build-debug/main.cpp.gcda
        -:    0:Runs:1
        -:    1:#ifndef SECURITY_H
        -:    2:#define SECURITY_H
        -:    3:
        -:    4:#include "libraries.h"
        -:    5:#include "Employee.h"
        -:    6:#include "Human.h"
        -:    7:
        -:    8:
        -:    9:class Security final :public Employee, public Human {
        -:   10:public:
function _ZN8SecurityC2ENSt7__cxx1112basic_stringIcSt11char_traitsIcESaIcEEES5_ called 6 returned 100% blocks executed 53%
        6:   11:    Security(const string name, const string arriveTime)
        6:   12:        : Human(name), Employee(arriveTime) {}
        6:   12-block  0
call    0 returned 6
branch  1 taken 6 (fallthrough)
branch  2 taken 0 (throw)
        6:   12-block  1
call    3 returned 6
branch  4 taken 6 (fallthrough)
branch  5 taken 0 (throw)
        6:   12-block  2
call    6 returned 6
call    7 returned 6
branch  8 taken 6 (fallthrough)
branch  9 taken 0 (throw)
        6:   12-block  3
call   10 returned 6
branch 11 taken 6 (fallthrough)
branch 12 taken 0 (throw)
        6:   12-block  4
call   13 returned 6
    $$$$$:   12-block  5
call   14 never executed
    $$$$$:   12-block  6
call   15 never executed
    $$$$$:   12-block  7
call   16 never executed
    $$$$$:   12-block  8
    $$$$$:   12-block  9
call   17 never executed
        -:   13:    void work() const override;
        -:   14:};
        -:   15:
        -:   16:
        -:   17:
        -:   18:#endif //SECURITY_H
