        -:    0:Source:/home/dstrunetss/Desktop/PPOIS/sem_1/lab_2/cmake-build-debug/main.cpp
        -:    0:Graph:/home/dstrunetss/Desktop/PPOIS/sem_1/lab_2/cmake-build-debug-coverage/CMakeFiles/lab_2.dir/cmake-build-debug/main.cpp.gcno
        -:    0:Data:/home/dstrunetss/Desktop/PPOIS/sem_1/lab_2/cmake-build-debug-coverage/CMakeFiles/lab_2.dir/cmake-build-debug/main.cpp.gcda
        -:    0:Runs:1
        -:    1:#include "ApplicationManager.h"
        -:    2:#include "gtest/gtest.h"
function main called 1 returned 100% blocks executed 80%
        1:    3:int main() {
        1:    4:    const ApplicationManager* applicationManager = new ApplicationManager();
        1:    4-block  0
call    0 returned 1
call    1 returned 1
branch  2 taken 1 (fallthrough)
branch  3 taken 0 (throw)
    $$$$$:    4-block  1
branch  4 never executed (fallthrough)
branch  5 never executed
    $$$$$:    4-block  2
call    6 never executed
        1:    5:    applicationManager->run();
        1:    5-block  0
call    0 returned 1
        1:    6:     ::testing::InitGoogleTest();
call    0 returned 1
        1:    7:     return RUN_ALL_TESTS();
call    0 returned 1
        -:    8:}
