        -:    0:Source:/home/dstrunetss/Desktop/PPOIS/sem_1/lab_2/cmake-build-debug/Artist.h
        -:    0:Graph:/home/dstrunetss/Desktop/PPOIS/sem_1/lab_2/cmake-build-debug-coverage/CMakeFiles/lab_2.dir/Testing/PaintingTest.cpp.gcno
        -:    0:Data:/home/dstrunetss/Desktop/PPOIS/sem_1/lab_2/cmake-build-debug-coverage/CMakeFiles/lab_2.dir/Testing/PaintingTest.cpp.gcda
        -:    0:Runs:1
        -:    1:#ifndef ARTIST_H
        -:    2:#define ARTIST_H
        -:    3:
        -:    4:
        -:    5:#include "libraries.h"
        -:    6:#include "Human.h"
        -:    7:#include "Entity.h"
        -:    8:
        -:    9:
        -:   10:class Artist final : public Human, public Entity{
        -:   11:
        -:   12:public:
function _ZN6ArtistC2ENSt7__cxx1112basic_stringIcSt11char_traitsIcESaIcEEES5_ called 0 returned 0% blocks executed 0%
    #####:   13:  Artist(const string name, const string biography) : Human(name), biography_(biography) {};
    %%%%%:   13-block  0
call    0 never executed
branch  1 never executed (fallthrough)
branch  2 never executed (throw)
    %%%%%:   13-block  1
call    3 never executed
branch  4 never executed (fallthrough)
branch  5 never executed (throw)
    %%%%%:   13-block  2
call    6 never executed
call    7 never executed
call    8 never executed
branch  9 never executed (fallthrough)
branch 10 never executed (throw)
    %%%%%:   13-block  3
    $$$$$:   13-block  4
call   11 never executed
    $$$$$:   13-block  5
call   12 never executed
    $$$$$:   13-block  6
call   13 never executed
    $$$$$:   13-block  7
call   14 never executed
        -:   14:  string getBiography()const;
        -:   15:  void showInfo() const override;
        -:   16:private:
        -:   17:  string biography_;
        -:   18:};
        -:   19:
        -:   20:
        -:   21:#endif //ARTIST_H
