        -:    0:Source:/home/dstrunetss/Desktop/PPOIS/sem_1/lab_2/cmake-build-debug/Painting.h
        -:    0:Graph:/home/dstrunetss/Desktop/PPOIS/sem_1/lab_2/cmake-build-debug-coverage/CMakeFiles/lab_2.dir/Testing/PaintingTest.cpp.gcno
        -:    0:Data:/home/dstrunetss/Desktop/PPOIS/sem_1/lab_2/cmake-build-debug-coverage/CMakeFiles/lab_2.dir/Testing/PaintingTest.cpp.gcda
        -:    0:Runs:1
        -:    1:#ifndef PAINTING_H
        -:    2:#define PAINTING_H
        -:    3:
        -:    4:#include "libraries.h"
        -:    5:#include "Artist.h"
        -:    6:#include "Entity.h"
        -:    7:#include "Category.h"
        -:    8:
        -:    9:
        -:   10:#include <string>
        -:   11:
        -:   12:class Painting final : public Entity {
        -:   13:public:
function _ZN8PaintingC2ENSt7__cxx1112basic_stringIcSt11char_traitsIcESaIcEEEP6ArtistS5_dP8Category called 0 returned 0% blocks executed 0%
    #####:   14:    Painting(const std::string title, Artist* artist, const std::string style, const double price, Category* category)
    #####:   15:        : category_(category), title_(title), artist_(artist), style_(style), price_(price) {} // Правильный порядок инициализации
    %%%%%:   15-block  0
call    0 never executed
call    1 never executed
branch  2 never executed (fallthrough)
branch  3 never executed (throw)
    %%%%%:   15-block  1
call    4 never executed
branch  5 never executed (fallthrough)
branch  6 never executed (throw)
    %%%%%:   15-block  2
    $$$$$:   15-block  3
call    7 never executed
    $$$$$:   15-block  4
call    8 never executed
        -:   16:
        -:   17:    std::string getTitle() const;
        -:   18:    Artist* getArtist() const;
        -:   19:    std::string getStyle() const;
        -:   20:    double getPrice() const;
        -:   21:    void showInfo() const override;
        -:   22:    std::string getCategory() const;
        -:   23:
        -:   24:private:
        -:   25:    Category* category_;
        -:   26:    std::string title_;
        -:   27:    Artist* artist_;
        -:   28:    std::string style_;
        -:   29:    double price_;
        -:   30:};
        -:   31:#endif //PAINTING_H
