        -:    0:Source:/home/dstrunetss/Desktop/PPOIS/sem_1/lab_2/cmake-build-debug/Entity.h
        -:    0:Graph:/home/dstrunetss/Desktop/PPOIS/sem_1/lab_2/cmake-build-debug-coverage/CMakeFiles/lab_2.dir/Testing/ReviewTest.cpp.gcno
        -:    0:Data:/home/dstrunetss/Desktop/PPOIS/sem_1/lab_2/cmake-build-debug-coverage/CMakeFiles/lab_2.dir/Testing/ReviewTest.cpp.gcda
        -:    0:Runs:1
        -:    1:#ifndef ENTITY_H
        -:    2:#define ENTITY_H
        -:    3:class Entity{
        -:    4:public:
    #####:    5:  virtual ~Entity() = default;
------------------
_ZN6EntityD0Ev:
function _ZN6EntityD0Ev called 0 returned 0% blocks executed 0%
    #####:    5:  virtual ~Entity() = default;
    %%%%%:    5-block  0
call    0 never executed
call    1 never executed
------------------
_ZN6EntityD2Ev:
function _ZN6EntityD2Ev called 0 returned 0% blocks executed 0%
    #####:    5:  virtual ~Entity() = default;
------------------
        -:    6:  virtual void showInfo() const = 0;
        -:    7:};
        -:    8:#endif //ENTITY_H
