        -:    0:Source:/home/dstrunetss/Desktop/PPOIS/sem_1/lab_2/cmake-build-debug/Security.cpp
        -:    0:Graph:/home/dstrunetss/Desktop/PPOIS/sem_1/lab_2/cmake-build-debug-coverage/CMakeFiles/lab_2.dir/cmake-build-debug/Security.cpp.gcno
        -:    0:Data:/home/dstrunetss/Desktop/PPOIS/sem_1/lab_2/cmake-build-debug-coverage/CMakeFiles/lab_2.dir/cmake-build-debug/Security.cpp.gcda
        -:    0:Runs:1
        -:    1:#include "Security.h"
        -:    2:
        -:    3:
function _ZNK8Security4workEv called 1 returned 100% blocks executed 100%
        1:    4:void Security::work() const {
        1:    5:    cout << "Security " << name << " arrived in " << arriveTime << endl;
        1:    5-block  0
call    0 returned 1
call    1 returned 1
call    2 returned 1
call    3 returned 1
call    4 returned 1
        1:    6:}
