        -:    0:Source:/home/dstrunetss/Desktop/PPOIS/sem_1/lab_2/Testing/TransactionTest.cpp
        -:    0:Graph:/home/dstrunetss/Desktop/PPOIS/sem_1/lab_2/cmake-build-debug-coverage/CMakeFiles/lab_2.dir/Testing/TransactionTest.cpp.gcno
        -:    0:Data:/home/dstrunetss/Desktop/PPOIS/sem_1/lab_2/cmake-build-debug-coverage/CMakeFiles/lab_2.dir/Testing/TransactionTest.cpp.gcda
        -:    0:Runs:1
        -:    1:#include "gtest/gtest.h"
        -:    2:#include "../cmake-build-debug/Transaction.h"
        -:    3:
        -:    4:
        -:    5:class TransactionTest : public ::testing::Test {
        -:    6:protected:
        -:    7:        Artist* artist_ = new Artist("Van Gog","try killed hi,self");
        -:    8:        Category* category_ = new Category("post-impressionism");
        -:    9:        Client* client_ = new Client("Maksim","@example.com","1111");
        -:   10:        Painting* painting_ = new Painting("Starry Night",artist_,"post-impressionism",10000,category_);
        -:   11:        Transaction* transaction_ = new Transaction(client_,painting_,10000);
        -:   12:
        -:   13:};
        -:   14:
        -:   15:
        4:   16:TEST_F(TransactionTest, ProcessTransaction) {
        1:   17:    testing::internal::CaptureStdout();
        1:   18:    transaction_->process();
        1:   19:    std::string output = testing::internal::GetCapturedStdout();
        -:   20:
       1*:   21:    EXPECT_EQ(output, "Processing transaction: Maksim bought Starry Night for 10000 $.\n");
        1:   22:}
------------------
_ZN39TransactionTest_ProcessTransaction_TestC2Ev:
function _ZN39TransactionTest_ProcessTransaction_TestC2Ev called 1 returned 100% blocks executed 100%
        1:   16:TEST_F(TransactionTest, ProcessTransaction) {
        1:   16-block  0
call    0 returned 1
------------------
_ZN39TransactionTest_ProcessTransaction_TestD0Ev:
function _ZN39TransactionTest_ProcessTransaction_TestD0Ev called 1 returned 100% blocks executed 100%
        1:   16:TEST_F(TransactionTest, ProcessTransaction) {
        1:   16-block  0
call    0 returned 1
call    1 returned 1
------------------
_ZN39TransactionTest_ProcessTransaction_TestD2Ev:
function _ZN39TransactionTest_ProcessTransaction_TestD2Ev called 1 returned 100% blocks executed 100%
        1:   16:TEST_F(TransactionTest, ProcessTransaction) {
        1:   16-block  0
call    0 returned 1
------------------
_ZN39TransactionTest_ProcessTransaction_Test8TestBodyEv:
function _ZN39TransactionTest_ProcessTransaction_Test8TestBodyEv called 1 returned 100% blocks executed 36%
        1:   16:TEST_F(TransactionTest, ProcessTransaction) {
        1:   17:    testing::internal::CaptureStdout();
        1:   17-block  0
call    0 returned 1
branch  1 taken 1 (fallthrough)
branch  2 taken 0 (throw)
        1:   18:    transaction_->process();
        1:   18-block  0
call    0 returned 1
branch  1 taken 1 (fallthrough)
branch  2 taken 0 (throw)
        1:   19:    std::string output = testing::internal::GetCapturedStdout();
        1:   19-block  0
call    0 returned 1
branch  1 taken 1 (fallthrough)
branch  2 taken 0 (throw)
        -:   20:
       1*:   21:    EXPECT_EQ(output, "Processing transaction: Maksim bought Starry Night for 10000 $.\n");
        1:   21-block  0
call    0 returned 1
branch  1 taken 1 (fallthrough)
branch  2 taken 0 (throw)
        1:   21-block  1
call    3 returned 1
branch  4 taken 0 (fallthrough)
branch  5 taken 1
    %%%%%:   21-block  2
call    6 never executed
branch  7 never executed (fallthrough)
branch  8 never executed (throw)
    %%%%%:   21-block  3
call    9 never executed
call   10 never executed
branch 11 never executed (fallthrough)
branch 12 never executed (throw)
    %%%%%:   21-block  4
call   13 never executed
branch 14 never executed (fallthrough)
branch 15 never executed (throw)
    %%%%%:   21-block  5
call   16 never executed
call   17 never executed
        1:   21-block  6
call   18 returned 1
    $$$$$:   21-block  7
call   19 never executed
    $$$$$:   21-block  8
    $$$$$:   21-block  9
call   20 never executed
    $$$$$:   21-block 10
    $$$$$:   21-block 11
call   21 never executed
        1:   22:}
call    0 returned 1
    $$$$$:   22-block  0
call    1 never executed
------------------
        -:   23:
        -:   24:// Тестируем метод getAmount
        4:   25:TEST_F(TransactionTest, GetAmount) {
       1*:   26:    EXPECT_EQ(transaction_->getAmount(), 10000);
        1:   27:}
------------------
_ZN30TransactionTest_GetAmount_TestC2Ev:
function _ZN30TransactionTest_GetAmount_TestC2Ev called 1 returned 100% blocks executed 100%
        1:   25:TEST_F(TransactionTest, GetAmount) {
        1:   25-block  0
call    0 returned 1
------------------
_ZN30TransactionTest_GetAmount_TestD0Ev:
function _ZN30TransactionTest_GetAmount_TestD0Ev called 1 returned 100% blocks executed 100%
        1:   25:TEST_F(TransactionTest, GetAmount) {
        1:   25-block  0
call    0 returned 1
call    1 returned 1
------------------
_ZN30TransactionTest_GetAmount_TestD2Ev:
function _ZN30TransactionTest_GetAmount_TestD2Ev called 1 returned 100% blocks executed 100%
        1:   25:TEST_F(TransactionTest, GetAmount) {
        1:   25-block  0
call    0 returned 1
------------------
_ZN30TransactionTest_GetAmount_Test8TestBodyEv:
function _ZN30TransactionTest_GetAmount_Test8TestBodyEv called 1 returned 100% blocks executed 29%
        1:   25:TEST_F(TransactionTest, GetAmount) {
       1*:   26:    EXPECT_EQ(transaction_->getAmount(), 10000);
        1:   26-block  0
call    0 returned 1
branch  1 taken 1 (fallthrough)
branch  2 taken 0 (throw)
        1:   26-block  1
call    3 returned 1
branch  4 taken 1 (fallthrough)
branch  5 taken 0 (throw)
        1:   26-block  2
call    6 returned 1
branch  7 taken 0 (fallthrough)
branch  8 taken 1
    %%%%%:   26-block  3
call    9 never executed
branch 10 never executed (fallthrough)
branch 11 never executed (throw)
    %%%%%:   26-block  4
call   12 never executed
call   13 never executed
branch 14 never executed (fallthrough)
branch 15 never executed (throw)
    %%%%%:   26-block  5
call   16 never executed
branch 17 never executed (fallthrough)
branch 18 never executed (throw)
    %%%%%:   26-block  6
call   19 never executed
call   20 never executed
        1:   26-block  7
call   21 returned 1
    $$$$$:   26-block  8
    $$$$$:   26-block  9
    $$$$$:   26-block 10
call   22 never executed
    $$$$$:   26-block 11
    $$$$$:   26-block 12
call   23 never executed
    $$$$$:   26-block 13
    $$$$$:   26-block 14
call   24 never executed
        1:   27:}
------------------
        -:   28:
