        -:    0:Source:/home/dstrunetss/Desktop/PPOIS/sem_1/lab_2/cmake-build-debug/Human.h
        -:    0:Graph:/home/dstrunetss/Desktop/PPOIS/sem_1/lab_2/cmake-build-debug-coverage/CMakeFiles/lab_2.dir/cmake-build-debug/Transaction.cpp.gcno
        -:    0:Data:/home/dstrunetss/Desktop/PPOIS/sem_1/lab_2/cmake-build-debug-coverage/CMakeFiles/lab_2.dir/cmake-build-debug/Transaction.cpp.gcda
        -:    0:Runs:1
        -:    1:#ifndef HUMAN_H
        -:    2:#define HUMAN_H
        -:    3:#include "libraries.h"
        -:    4:class Human  {
        -:    5:protected:
        -:    6:    string name;
        -:    7:
        -:    8:public:
        -:    9:    explicit Human(const string name) : name(name) {}
        -:   10:
function _ZNK5Human7getNameB5cxx11Ev called 0 returned 0% blocks executed 0%
    #####:   11:    string getName() const {
    #####:   12:        return name;
    %%%%%:   12-block  0
call    0 never executed
        -:   13:    }
        -:   14:    virtual ~Human() = default;
        -:   15:};
        -:   16:#endif //HUMAN_H
