        -:    0:Source:/home/dstrunetss/Desktop/PPOIS/sem_1/lab_2/cmake-build-debug/Client.h
        -:    0:Graph:/home/dstrunetss/Desktop/PPOIS/sem_1/lab_2/cmake-build-debug-coverage/CMakeFiles/lab_2.dir/Testing/TransactionTest.cpp.gcno
        -:    0:Data:/home/dstrunetss/Desktop/PPOIS/sem_1/lab_2/cmake-build-debug-coverage/CMakeFiles/lab_2.dir/Testing/TransactionTest.cpp.gcda
        -:    0:Runs:1
        -:    1:#ifndef CLIENT_H
        -:    2:#define CLIENT_H
        -:    3:
        -:    4:#include "libraries.h"
        -:    5:#include "Painting.h"
        -:    6:#include "Human.h"
        -:    7:#include "Entity.h"
        -:    8:
        -:    9:class Client final : public Human, public Entity{
        -:   10:public:
function _ZN6ClientC2ERKNSt7__cxx1112basic_stringIcSt11char_traitsIcESaIcEEES7_S7_ called 0 returned 0% blocks executed 0%
    #####:   11:  Client(const string& name, const string& email, const string& password)
    #####:   12:          : Human(name), email_(email), password_(password) {};
    %%%%%:   12-block  0
call    0 never executed
branch  1 never executed (fallthrough)
branch  2 never executed (throw)
    %%%%%:   12-block  1
call    3 never executed
branch  4 never executed (fallthrough)
branch  5 never executed (throw)
    %%%%%:   12-block  2
call    6 never executed
call    7 never executed
call    8 never executed
branch  9 never executed (fallthrough)
branch 10 never executed (throw)
    %%%%%:   12-block  3
call   11 never executed
branch 12 never executed (fallthrough)
branch 13 never executed (throw)
    %%%%%:   12-block  4
    $$$$$:   12-block  5
call   14 never executed
    $$$$$:   12-block  6
call   15 never executed
    $$$$$:   12-block  7
call   16 never executed
    $$$$$:   12-block  8
call   17 never executed
    $$$$$:   12-block  9
call   18 never executed
        -:   13:  string getEmail()const;
        -:   14:  string getPassword()const;
        -:   15:  void buyPainting(Painting& painting);
        -:   16:  void showInfo()const override;
        -:   17:private:
        -:   18:  string email_;
        -:   19:  string password_;
        -:   20:  bool checkPassword(string& inputPassword) const;
        -:   21:};
        -:   22:
        -:   23:
        -:   24:
        -:   25:#endif //CLIENT_H
