        -:    0:Source:/home/dstrunetss/Desktop/PPOIS/sem_1/lab_2/Testing/WorkersTest.cpp
        -:    0:Graph:/home/dstrunetss/Desktop/PPOIS/sem_1/lab_2/cmake-build-debug-coverage/CMakeFiles/lab_2.dir/Testing/WorkersTest.cpp.gcno
        -:    0:Data:/home/dstrunetss/Desktop/PPOIS/sem_1/lab_2/cmake-build-debug-coverage/CMakeFiles/lab_2.dir/Testing/WorkersTest.cpp.gcda
        -:    0:Runs:1
        -:    1:#include "../cmake-build-debug/Workers.h"
        -:    2:#include "gtest/gtest.h"
        -:    3:
        -:    4:
        -:    5:
        -:    6:class WorkersTest : public ::testing::Test {
        -:    7:protected:
        -:    8:    Workers* workers_ = new Workers;
        -:    9:    Administrator* administrator_ = new Administrator("Kirill","10:00");
        -:   10:    Curator* curator_ = new Curator("Masha","08:00");
        -:   11:    Security* security_ = new Security("Dima","04:00");
        -:   12:
        -:   13:};
        -:   14:
        -:   15:
        4:   16:TEST_F(WorkersTest, AddAndRemoveAdministrators) {
        1:   17:    workers_->addAdministrator(administrator_);
        -:   18:
        1:   19:    testing::internal::CaptureStdout();
        1:   20:    workers_->showAdministrators();
        1:   21:    std::string output = testing::internal::GetCapturedStdout();
        -:   22:
       1*:   23:    EXPECT_TRUE(output.find("Kirill") != std::string::npos);
        -:   24:
        -:   25:
        1:   26:    workers_->removeAdministrator(administrator_);
        -:   27:
        1:   28:    testing::internal::CaptureStdout();
        1:   29:    workers_->showAdministrators();
        2:   30:    std::string outputAfterRemoval = testing::internal::GetCapturedStdout();
        -:   31:
       1*:   32:    EXPECT_TRUE(outputAfterRemoval.find("Kirill") == std::string::npos);
        -:   33:
        1:   34:}
------------------
_ZN43WorkersTest_AddAndRemoveAdministrators_TestC2Ev:
function _ZN43WorkersTest_AddAndRemoveAdministrators_TestC2Ev called 1 returned 100% blocks executed 100%
        1:   16:TEST_F(WorkersTest, AddAndRemoveAdministrators) {
        1:   16-block  0
call    0 returned 1
------------------
_ZN43WorkersTest_AddAndRemoveAdministrators_TestD0Ev:
function _ZN43WorkersTest_AddAndRemoveAdministrators_TestD0Ev called 1 returned 100% blocks executed 100%
        1:   16:TEST_F(WorkersTest, AddAndRemoveAdministrators) {
        1:   16-block  0
call    0 returned 1
call    1 returned 1
------------------
_ZN43WorkersTest_AddAndRemoveAdministrators_TestD2Ev:
function _ZN43WorkersTest_AddAndRemoveAdministrators_TestD2Ev called 1 returned 100% blocks executed 100%
        1:   16:TEST_F(WorkersTest, AddAndRemoveAdministrators) {
        1:   16-block  0
call    0 returned 1
------------------
_ZN43WorkersTest_AddAndRemoveAdministrators_Test8TestBodyEv:
function _ZN43WorkersTest_AddAndRemoveAdministrators_Test8TestBodyEv called 1 returned 100% blocks executed 32%
        1:   16:TEST_F(WorkersTest, AddAndRemoveAdministrators) {
        1:   17:    workers_->addAdministrator(administrator_);
        1:   17-block  0
call    0 returned 1
branch  1 taken 1 (fallthrough)
branch  2 taken 0 (throw)
        -:   18:
        1:   19:    testing::internal::CaptureStdout();
        1:   19-block  0
call    0 returned 1
branch  1 taken 1 (fallthrough)
branch  2 taken 0 (throw)
        1:   20:    workers_->showAdministrators();
        1:   20-block  0
call    0 returned 1
branch  1 taken 1 (fallthrough)
branch  2 taken 0 (throw)
        1:   21:    std::string output = testing::internal::GetCapturedStdout();
        1:   21-block  0
call    0 returned 1
branch  1 taken 1 (fallthrough)
branch  2 taken 0 (throw)
        -:   22:
       1*:   23:    EXPECT_TRUE(output.find("Kirill") != std::string::npos);
        1:   23-block  0
call    0 returned 1
call    1 returned 1
call    2 returned 1
branch  3 taken 0 (fallthrough)
branch  4 taken 1
    %%%%%:   23-block  1
call    5 never executed
branch  6 never executed (fallthrough)
branch  7 never executed (throw)
    %%%%%:   23-block  2
call    8 never executed
branch  9 never executed (fallthrough)
branch 10 never executed (throw)
    %%%%%:   23-block  3
call   11 never executed
call   12 never executed
branch 13 never executed (fallthrough)
branch 14 never executed (throw)
    %%%%%:   23-block  4
call   15 never executed
branch 16 never executed (fallthrough)
branch 17 never executed (throw)
    %%%%%:   23-block  5
call   18 never executed
call   19 never executed
call   20 never executed
        1:   23-block  6
call   21 returned 1
    $$$$$:   23-block  7
call   22 never executed
    $$$$$:   23-block  8
call   23 never executed
    $$$$$:   23-block  9
    $$$$$:   23-block 10
    $$$$$:   23-block 11
call   24 never executed
    $$$$$:   23-block 12
    $$$$$:   23-block 13
call   25 never executed
        -:   24:
        -:   25:
        1:   26:    workers_->removeAdministrator(administrator_);
call    0 returned 1
branch  1 taken 1 (fallthrough)
branch  2 taken 0 (throw)
        -:   27:
        1:   28:    testing::internal::CaptureStdout();
        1:   28-block  0
call    0 returned 1
branch  1 taken 1 (fallthrough)
branch  2 taken 0 (throw)
        1:   29:    workers_->showAdministrators();
        1:   29-block  0
call    0 returned 1
branch  1 taken 1 (fallthrough)
branch  2 taken 0 (throw)
        2:   30:    std::string outputAfterRemoval = testing::internal::GetCapturedStdout();
        1:   30-block  0
call    0 returned 1
branch  1 taken 1 (fallthrough)
branch  2 taken 0 (throw)
call    3 returned 1
    $$$$$:   30-block  1
call    4 never executed
        -:   31:
       1*:   32:    EXPECT_TRUE(outputAfterRemoval.find("Kirill") == std::string::npos);
        1:   32-block  0
call    0 returned 1
call    1 returned 1
call    2 returned 1
branch  3 taken 0 (fallthrough)
branch  4 taken 1
    %%%%%:   32-block  1
call    5 never executed
branch  6 never executed (fallthrough)
branch  7 never executed (throw)
    %%%%%:   32-block  2
call    8 never executed
branch  9 never executed (fallthrough)
branch 10 never executed (throw)
    %%%%%:   32-block  3
call   11 never executed
call   12 never executed
branch 13 never executed (fallthrough)
branch 14 never executed (throw)
    %%%%%:   32-block  4
call   15 never executed
branch 16 never executed (fallthrough)
branch 17 never executed (throw)
    %%%%%:   32-block  5
call   18 never executed
call   19 never executed
call   20 never executed
        1:   32-block  6
call   21 returned 1
    $$$$$:   32-block  7
call   22 never executed
    $$$$$:   32-block  8
call   23 never executed
    $$$$$:   32-block  9
    $$$$$:   32-block 10
    $$$$$:   32-block 11
call   24 never executed
    $$$$$:   32-block 12
    $$$$$:   32-block 13
call   25 never executed
        -:   33:
        1:   34:}
call    0 returned 1
    $$$$$:   34-block  0
call    1 never executed
------------------
        -:   35:
        4:   36:TEST_F(WorkersTest, AddAndRemoveCurators) {
        1:   37:    workers_->addCurator(curator_);
        -:   38:
        1:   39:    testing::internal::CaptureStdout();
        1:   40:    workers_->showCurators();
        1:   41:    std::string output = testing::internal::GetCapturedStdout();
        -:   42:
       1*:   43:    EXPECT_TRUE(output.find("Masha") != std::string::npos);
        -:   44:
        1:   45:    workers_->removeCurator(curator_);
        -:   46:
        1:   47:    testing::internal::CaptureStdout();
        1:   48:    workers_->showCurators();
        2:   49:    std::string outputAfterRemoval = testing::internal::GetCapturedStdout();
        -:   50:
       1*:   51:    EXPECT_TRUE(outputAfterRemoval.find("Masha") == std::string::npos);
        1:   52:}
------------------
_ZN37WorkersTest_AddAndRemoveCurators_TestC2Ev:
function _ZN37WorkersTest_AddAndRemoveCurators_TestC2Ev called 1 returned 100% blocks executed 100%
        1:   36:TEST_F(WorkersTest, AddAndRemoveCurators) {
        1:   36-block  0
call    0 returned 1
------------------
_ZN37WorkersTest_AddAndRemoveCurators_TestD0Ev:
function _ZN37WorkersTest_AddAndRemoveCurators_TestD0Ev called 1 returned 100% blocks executed 100%
        1:   36:TEST_F(WorkersTest, AddAndRemoveCurators) {
        1:   36-block  0
call    0 returned 1
call    1 returned 1
------------------
_ZN37WorkersTest_AddAndRemoveCurators_TestD2Ev:
function _ZN37WorkersTest_AddAndRemoveCurators_TestD2Ev called 1 returned 100% blocks executed 100%
        1:   36:TEST_F(WorkersTest, AddAndRemoveCurators) {
        1:   36-block  0
call    0 returned 1
------------------
_ZN37WorkersTest_AddAndRemoveCurators_Test8TestBodyEv:
function _ZN37WorkersTest_AddAndRemoveCurators_Test8TestBodyEv called 1 returned 100% blocks executed 32%
        1:   36:TEST_F(WorkersTest, AddAndRemoveCurators) {
        1:   37:    workers_->addCurator(curator_);
        1:   37-block  0
call    0 returned 1
branch  1 taken 1 (fallthrough)
branch  2 taken 0 (throw)
        -:   38:
        1:   39:    testing::internal::CaptureStdout();
        1:   39-block  0
call    0 returned 1
branch  1 taken 1 (fallthrough)
branch  2 taken 0 (throw)
        1:   40:    workers_->showCurators();
        1:   40-block  0
call    0 returned 1
branch  1 taken 1 (fallthrough)
branch  2 taken 0 (throw)
        1:   41:    std::string output = testing::internal::GetCapturedStdout();
        1:   41-block  0
call    0 returned 1
branch  1 taken 1 (fallthrough)
branch  2 taken 0 (throw)
        -:   42:
       1*:   43:    EXPECT_TRUE(output.find("Masha") != std::string::npos);
        1:   43-block  0
call    0 returned 1
call    1 returned 1
call    2 returned 1
branch  3 taken 0 (fallthrough)
branch  4 taken 1
    %%%%%:   43-block  1
call    5 never executed
branch  6 never executed (fallthrough)
branch  7 never executed (throw)
    %%%%%:   43-block  2
call    8 never executed
branch  9 never executed (fallthrough)
branch 10 never executed (throw)
    %%%%%:   43-block  3
call   11 never executed
call   12 never executed
branch 13 never executed (fallthrough)
branch 14 never executed (throw)
    %%%%%:   43-block  4
call   15 never executed
branch 16 never executed (fallthrough)
branch 17 never executed (throw)
    %%%%%:   43-block  5
call   18 never executed
call   19 never executed
call   20 never executed
        1:   43-block  6
call   21 returned 1
    $$$$$:   43-block  7
call   22 never executed
    $$$$$:   43-block  8
call   23 never executed
    $$$$$:   43-block  9
    $$$$$:   43-block 10
    $$$$$:   43-block 11
call   24 never executed
    $$$$$:   43-block 12
    $$$$$:   43-block 13
call   25 never executed
        -:   44:
        1:   45:    workers_->removeCurator(curator_);
call    0 returned 1
branch  1 taken 1 (fallthrough)
branch  2 taken 0 (throw)
        -:   46:
        1:   47:    testing::internal::CaptureStdout();
        1:   47-block  0
call    0 returned 1
branch  1 taken 1 (fallthrough)
branch  2 taken 0 (throw)
        1:   48:    workers_->showCurators();
        1:   48-block  0
call    0 returned 1
branch  1 taken 1 (fallthrough)
branch  2 taken 0 (throw)
        2:   49:    std::string outputAfterRemoval = testing::internal::GetCapturedStdout();
        1:   49-block  0
call    0 returned 1
branch  1 taken 1 (fallthrough)
branch  2 taken 0 (throw)
call    3 returned 1
    $$$$$:   49-block  1
call    4 never executed
        -:   50:
       1*:   51:    EXPECT_TRUE(outputAfterRemoval.find("Masha") == std::string::npos);
        1:   51-block  0
call    0 returned 1
call    1 returned 1
call    2 returned 1
branch  3 taken 0 (fallthrough)
branch  4 taken 1
    %%%%%:   51-block  1
call    5 never executed
branch  6 never executed (fallthrough)
branch  7 never executed (throw)
    %%%%%:   51-block  2
call    8 never executed
branch  9 never executed (fallthrough)
branch 10 never executed (throw)
    %%%%%:   51-block  3
call   11 never executed
call   12 never executed
branch 13 never executed (fallthrough)
branch 14 never executed (throw)
    %%%%%:   51-block  4
call   15 never executed
branch 16 never executed (fallthrough)
branch 17 never executed (throw)
    %%%%%:   51-block  5
call   18 never executed
call   19 never executed
call   20 never executed
        1:   51-block  6
call   21 returned 1
    $$$$$:   51-block  7
call   22 never executed
    $$$$$:   51-block  8
call   23 never executed
    $$$$$:   51-block  9
    $$$$$:   51-block 10
    $$$$$:   51-block 11
call   24 never executed
    $$$$$:   51-block 12
    $$$$$:   51-block 13
call   25 never executed
        1:   52:}
call    0 returned 1
    $$$$$:   52-block  0
call    1 never executed
------------------
        -:   53:
        -:   54:
        4:   55:TEST_F(WorkersTest, AddAndRemoveSecurity) {
        1:   56:    workers_->addSecurity(security_);
        -:   57:
        1:   58:    testing::internal::CaptureStdout();
        1:   59:    workers_->showSecurity();
        1:   60:    std::string output = testing::internal::GetCapturedStdout();
        -:   61:
       1*:   62:    EXPECT_TRUE(output.find("Dima") != std::string::npos);
        -:   63:
        1:   64:    workers_->removeSecurity(security_);
        -:   65:
        1:   66:    testing::internal::CaptureStdout();
        1:   67:    workers_->showSecurity();
        2:   68:    std::string outputAfterRemoval = testing::internal::GetCapturedStdout();
        -:   69:
       1*:   70:    EXPECT_TRUE(outputAfterRemoval.find("Dima") == std::string::npos);
        1:   71:}
------------------
_ZN37WorkersTest_AddAndRemoveSecurity_TestC2Ev:
function _ZN37WorkersTest_AddAndRemoveSecurity_TestC2Ev called 1 returned 100% blocks executed 100%
        1:   55:TEST_F(WorkersTest, AddAndRemoveSecurity) {
        1:   55-block  0
call    0 returned 1
------------------
_ZN37WorkersTest_AddAndRemoveSecurity_TestD0Ev:
function _ZN37WorkersTest_AddAndRemoveSecurity_TestD0Ev called 1 returned 100% blocks executed 100%
        1:   55:TEST_F(WorkersTest, AddAndRemoveSecurity) {
        1:   55-block  0
call    0 returned 1
call    1 returned 1
------------------
_ZN37WorkersTest_AddAndRemoveSecurity_TestD2Ev:
function _ZN37WorkersTest_AddAndRemoveSecurity_TestD2Ev called 1 returned 100% blocks executed 100%
        1:   55:TEST_F(WorkersTest, AddAndRemoveSecurity) {
        1:   55-block  0
call    0 returned 1
------------------
_ZN37WorkersTest_AddAndRemoveSecurity_Test8TestBodyEv:
function _ZN37WorkersTest_AddAndRemoveSecurity_Test8TestBodyEv called 1 returned 100% blocks executed 32%
        1:   55:TEST_F(WorkersTest, AddAndRemoveSecurity) {
        1:   56:    workers_->addSecurity(security_);
        1:   56-block  0
call    0 returned 1
branch  1 taken 1 (fallthrough)
branch  2 taken 0 (throw)
        -:   57:
        1:   58:    testing::internal::CaptureStdout();
        1:   58-block  0
call    0 returned 1
branch  1 taken 1 (fallthrough)
branch  2 taken 0 (throw)
        1:   59:    workers_->showSecurity();
        1:   59-block  0
call    0 returned 1
branch  1 taken 1 (fallthrough)
branch  2 taken 0 (throw)
        1:   60:    std::string output = testing::internal::GetCapturedStdout();
        1:   60-block  0
call    0 returned 1
branch  1 taken 1 (fallthrough)
branch  2 taken 0 (throw)
        -:   61:
       1*:   62:    EXPECT_TRUE(output.find("Dima") != std::string::npos);
        1:   62-block  0
call    0 returned 1
call    1 returned 1
call    2 returned 1
branch  3 taken 0 (fallthrough)
branch  4 taken 1
    %%%%%:   62-block  1
call    5 never executed
branch  6 never executed (fallthrough)
branch  7 never executed (throw)
    %%%%%:   62-block  2
call    8 never executed
branch  9 never executed (fallthrough)
branch 10 never executed (throw)
    %%%%%:   62-block  3
call   11 never executed
call   12 never executed
branch 13 never executed (fallthrough)
branch 14 never executed (throw)
    %%%%%:   62-block  4
call   15 never executed
branch 16 never executed (fallthrough)
branch 17 never executed (throw)
    %%%%%:   62-block  5
call   18 never executed
call   19 never executed
call   20 never executed
        1:   62-block  6
call   21 returned 1
    $$$$$:   62-block  7
call   22 never executed
    $$$$$:   62-block  8
call   23 never executed
    $$$$$:   62-block  9
    $$$$$:   62-block 10
    $$$$$:   62-block 11
call   24 never executed
    $$$$$:   62-block 12
    $$$$$:   62-block 13
call   25 never executed
        -:   63:
        1:   64:    workers_->removeSecurity(security_);
call    0 returned 1
branch  1 taken 1 (fallthrough)
branch  2 taken 0 (throw)
        -:   65:
        1:   66:    testing::internal::CaptureStdout();
        1:   66-block  0
call    0 returned 1
branch  1 taken 1 (fallthrough)
branch  2 taken 0 (throw)
        1:   67:    workers_->showSecurity();
        1:   67-block  0
call    0 returned 1
branch  1 taken 1 (fallthrough)
branch  2 taken 0 (throw)
        2:   68:    std::string outputAfterRemoval = testing::internal::GetCapturedStdout();
        1:   68-block  0
call    0 returned 1
branch  1 taken 1 (fallthrough)
branch  2 taken 0 (throw)
call    3 returned 1
    $$$$$:   68-block  1
call    4 never executed
        -:   69:
       1*:   70:    EXPECT_TRUE(outputAfterRemoval.find("Dima") == std::string::npos);
        1:   70-block  0
call    0 returned 1
call    1 returned 1
call    2 returned 1
branch  3 taken 0 (fallthrough)
branch  4 taken 1
    %%%%%:   70-block  1
call    5 never executed
branch  6 never executed (fallthrough)
branch  7 never executed (throw)
    %%%%%:   70-block  2
call    8 never executed
branch  9 never executed (fallthrough)
branch 10 never executed (throw)
    %%%%%:   70-block  3
call   11 never executed
call   12 never executed
branch 13 never executed (fallthrough)
branch 14 never executed (throw)
    %%%%%:   70-block  4
call   15 never executed
branch 16 never executed (fallthrough)
branch 17 never executed (throw)
    %%%%%:   70-block  5
call   18 never executed
call   19 never executed
call   20 never executed
        1:   70-block  6
call   21 returned 1
    $$$$$:   70-block  7
call   22 never executed
    $$$$$:   70-block  8
call   23 never executed
    $$$$$:   70-block  9
    $$$$$:   70-block 10
    $$$$$:   70-block 11
call   24 never executed
    $$$$$:   70-block 12
    $$$$$:   70-block 13
call   25 never executed
        1:   71:}
call    0 returned 1
    $$$$$:   71-block  0
call    1 never executed
------------------
        -:   72:
        4:   73:TEST_F(WorkersTest, ShowInfo) {
        1:   74:    workers_->addAdministrator(administrator_);
        1:   75:    workers_->addCurator(curator_);
        1:   76:    workers_->addSecurity(security_);
        -:   77:
        1:   78:    testing::internal::CaptureStdout();
        1:   79:    workers_->showInfo();
        1:   80:    std::string output = testing::internal::GetCapturedStdout();
        -:   81:
       1*:   82:    EXPECT_TRUE(output.find("Administrators") != std::string::npos);
       1*:   83:    EXPECT_TRUE(output.find("Kirill") != std::string::npos);
       1*:   84:    EXPECT_TRUE(output.find("Curators") != std::string::npos);
       1*:   85:    EXPECT_TRUE(output.find("Masha") != std::string::npos);
       1*:   86:    EXPECT_TRUE(output.find("Security") != std::string::npos);
       1*:   87:    EXPECT_TRUE(output.find("Dima") != std::string::npos);
        1:   88:}
------------------
_ZN25WorkersTest_ShowInfo_TestC2Ev:
function _ZN25WorkersTest_ShowInfo_TestC2Ev called 1 returned 100% blocks executed 100%
        1:   73:TEST_F(WorkersTest, ShowInfo) {
        1:   73-block  0
call    0 returned 1
------------------
_ZN25WorkersTest_ShowInfo_TestD0Ev:
function _ZN25WorkersTest_ShowInfo_TestD0Ev called 1 returned 100% blocks executed 100%
        1:   73:TEST_F(WorkersTest, ShowInfo) {
        1:   73-block  0
call    0 returned 1
call    1 returned 1
------------------
_ZN25WorkersTest_ShowInfo_TestD2Ev:
function _ZN25WorkersTest_ShowInfo_TestD2Ev called 1 returned 100% blocks executed 100%
        1:   73:TEST_F(WorkersTest, ShowInfo) {
        1:   73-block  0
call    0 returned 1
------------------
_ZN25WorkersTest_ShowInfo_Test8TestBodyEv:
function _ZN25WorkersTest_ShowInfo_Test8TestBodyEv called 1 returned 100% blocks executed 23%
        1:   73:TEST_F(WorkersTest, ShowInfo) {
        1:   74:    workers_->addAdministrator(administrator_);
        1:   74-block  0
call    0 returned 1
branch  1 taken 1 (fallthrough)
branch  2 taken 0 (throw)
        1:   75:    workers_->addCurator(curator_);
        1:   75-block  0
call    0 returned 1
branch  1 taken 1 (fallthrough)
branch  2 taken 0 (throw)
        1:   76:    workers_->addSecurity(security_);
        1:   76-block  0
call    0 returned 1
branch  1 taken 1 (fallthrough)
branch  2 taken 0 (throw)
        -:   77:
        1:   78:    testing::internal::CaptureStdout();
        1:   78-block  0
call    0 returned 1
branch  1 taken 1 (fallthrough)
branch  2 taken 0 (throw)
        1:   79:    workers_->showInfo();
        1:   79-block  0
call    0 returned 1
branch  1 taken 1 (fallthrough)
branch  2 taken 0 (throw)
        1:   80:    std::string output = testing::internal::GetCapturedStdout();
        1:   80-block  0
call    0 returned 1
branch  1 taken 1 (fallthrough)
branch  2 taken 0 (throw)
        -:   81:
       1*:   82:    EXPECT_TRUE(output.find("Administrators") != std::string::npos);
        1:   82-block  0
call    0 returned 1
call    1 returned 1
call    2 returned 1
branch  3 taken 0 (fallthrough)
branch  4 taken 1
    %%%%%:   82-block  1
call    5 never executed
branch  6 never executed (fallthrough)
branch  7 never executed (throw)
    %%%%%:   82-block  2
call    8 never executed
branch  9 never executed (fallthrough)
branch 10 never executed (throw)
    %%%%%:   82-block  3
call   11 never executed
call   12 never executed
branch 13 never executed (fallthrough)
branch 14 never executed (throw)
    %%%%%:   82-block  4
call   15 never executed
branch 16 never executed (fallthrough)
branch 17 never executed (throw)
    %%%%%:   82-block  5
call   18 never executed
call   19 never executed
call   20 never executed
        1:   82-block  6
call   21 returned 1
    $$$$$:   82-block  7
call   22 never executed
    $$$$$:   82-block  8
call   23 never executed
    $$$$$:   82-block  9
    $$$$$:   82-block 10
    $$$$$:   82-block 11
call   24 never executed
    $$$$$:   82-block 12
    $$$$$:   82-block 13
call   25 never executed
       1*:   83:    EXPECT_TRUE(output.find("Kirill") != std::string::npos);
call    0 returned 1
call    1 returned 1
call    2 returned 1
branch  3 taken 0 (fallthrough)
branch  4 taken 1
    %%%%%:   83-block  0
call    5 never executed
branch  6 never executed (fallthrough)
branch  7 never executed (throw)
    %%%%%:   83-block  1
call    8 never executed
branch  9 never executed (fallthrough)
branch 10 never executed (throw)
    %%%%%:   83-block  2
call   11 never executed
call   12 never executed
branch 13 never executed (fallthrough)
branch 14 never executed (throw)
    %%%%%:   83-block  3
call   15 never executed
branch 16 never executed (fallthrough)
branch 17 never executed (throw)
    %%%%%:   83-block  4
call   18 never executed
call   19 never executed
call   20 never executed
        1:   83-block  5
call   21 returned 1
    $$$$$:   83-block  6
call   22 never executed
    $$$$$:   83-block  7
call   23 never executed
    $$$$$:   83-block  8
    $$$$$:   83-block  9
    $$$$$:   83-block 10
call   24 never executed
    $$$$$:   83-block 11
    $$$$$:   83-block 12
call   25 never executed
       1*:   84:    EXPECT_TRUE(output.find("Curators") != std::string::npos);
call    0 returned 1
call    1 returned 1
call    2 returned 1
branch  3 taken 0 (fallthrough)
branch  4 taken 1
    %%%%%:   84-block  0
call    5 never executed
branch  6 never executed (fallthrough)
branch  7 never executed (throw)
    %%%%%:   84-block  1
call    8 never executed
branch  9 never executed (fallthrough)
branch 10 never executed (throw)
    %%%%%:   84-block  2
call   11 never executed
call   12 never executed
branch 13 never executed (fallthrough)
branch 14 never executed (throw)
    %%%%%:   84-block  3
call   15 never executed
branch 16 never executed (fallthrough)
branch 17 never executed (throw)
    %%%%%:   84-block  4
call   18 never executed
call   19 never executed
call   20 never executed
        1:   84-block  5
call   21 returned 1
    $$$$$:   84-block  6
call   22 never executed
    $$$$$:   84-block  7
call   23 never executed
    $$$$$:   84-block  8
    $$$$$:   84-block  9
    $$$$$:   84-block 10
call   24 never executed
    $$$$$:   84-block 11
    $$$$$:   84-block 12
call   25 never executed
       1*:   85:    EXPECT_TRUE(output.find("Masha") != std::string::npos);
call    0 returned 1
call    1 returned 1
call    2 returned 1
branch  3 taken 0 (fallthrough)
branch  4 taken 1
    %%%%%:   85-block  0
call    5 never executed
branch  6 never executed (fallthrough)
branch  7 never executed (throw)
    %%%%%:   85-block  1
call    8 never executed
branch  9 never executed (fallthrough)
branch 10 never executed (throw)
    %%%%%:   85-block  2
call   11 never executed
call   12 never executed
branch 13 never executed (fallthrough)
branch 14 never executed (throw)
    %%%%%:   85-block  3
call   15 never executed
branch 16 never executed (fallthrough)
branch 17 never executed (throw)
    %%%%%:   85-block  4
call   18 never executed
call   19 never executed
call   20 never executed
        1:   85-block  5
call   21 returned 1
    $$$$$:   85-block  6
call   22 never executed
    $$$$$:   85-block  7
call   23 never executed
    $$$$$:   85-block  8
    $$$$$:   85-block  9
    $$$$$:   85-block 10
call   24 never executed
    $$$$$:   85-block 11
    $$$$$:   85-block 12
call   25 never executed
       1*:   86:    EXPECT_TRUE(output.find("Security") != std::string::npos);
call    0 returned 1
call    1 returned 1
call    2 returned 1
branch  3 taken 0 (fallthrough)
branch  4 taken 1
    %%%%%:   86-block  0
call    5 never executed
branch  6 never executed (fallthrough)
branch  7 never executed (throw)
    %%%%%:   86-block  1
call    8 never executed
branch  9 never executed (fallthrough)
branch 10 never executed (throw)
    %%%%%:   86-block  2
call   11 never executed
call   12 never executed
branch 13 never executed (fallthrough)
branch 14 never executed (throw)
    %%%%%:   86-block  3
call   15 never executed
branch 16 never executed (fallthrough)
branch 17 never executed (throw)
    %%%%%:   86-block  4
call   18 never executed
call   19 never executed
call   20 never executed
        1:   86-block  5
call   21 returned 1
    $$$$$:   86-block  6
call   22 never executed
    $$$$$:   86-block  7
call   23 never executed
    $$$$$:   86-block  8
    $$$$$:   86-block  9
    $$$$$:   86-block 10
call   24 never executed
    $$$$$:   86-block 11
    $$$$$:   86-block 12
call   25 never executed
       1*:   87:    EXPECT_TRUE(output.find("Dima") != std::string::npos);
call    0 returned 1
call    1 returned 1
call    2 returned 1
branch  3 taken 0 (fallthrough)
branch  4 taken 1
    %%%%%:   87-block  0
call    5 never executed
branch  6 never executed (fallthrough)
branch  7 never executed (throw)
    %%%%%:   87-block  1
call    8 never executed
branch  9 never executed (fallthrough)
branch 10 never executed (throw)
    %%%%%:   87-block  2
call   11 never executed
call   12 never executed
branch 13 never executed (fallthrough)
branch 14 never executed (throw)
    %%%%%:   87-block  3
call   15 never executed
branch 16 never executed (fallthrough)
branch 17 never executed (throw)
    %%%%%:   87-block  4
call   18 never executed
call   19 never executed
call   20 never executed
        1:   87-block  5
call   21 returned 1
    $$$$$:   87-block  6
call   22 never executed
    $$$$$:   87-block  7
call   23 never executed
    $$$$$:   87-block  8
    $$$$$:   87-block  9
    $$$$$:   87-block 10
call   24 never executed
    $$$$$:   87-block 11
    $$$$$:   87-block 12
call   25 never executed
        1:   88:}
call    0 returned 1
    $$$$$:   88-block  0
call    1 never executed
------------------
